#
# There is insufficient memory for the Java Runtime Environment to continue.
# Native memory allocation (malloc) failed to allocate 32744 bytes for ChunkPool::allocate
# Possible reasons:
#   The system is out of physical RAM or swap space
#   The process is running with CompressedOops enabled, and the Java Heap may be blocking the growth of the native heap
# Possible solutions:
#   Reduce memory load on the system
#   Increase physical memory or swap space
#   Check if swap backing store is full
#   Decrease Java heap size (-Xmx/-Xms)
#   Decrease number of Java threads
#   Decrease Java thread stack sizes (-Xss)
#   Set larger code cache with -XX:ReservedCodeCacheSize=
#   JVM is running with Zero Based Compressed Oops mode in which the Java heap is
#     placed in the first 32GB address space. The Java Heap base address is the
#     maximum limit for the native heap growth. Please use -XX:HeapBaseMinAddress
#     to set the Java Heap base and to place the Java Heap above 32GB virtual address.
# This output file may be truncated or incomplete.
#
#  Out of Memory Error (arena.cpp:79), pid=21008, tid=13328
#
# JRE version: OpenJDK Runtime Environment Corretto-17.0.10.7.1 (17.0.10+7) (build 17.0.10+7-LTS)
# Java VM: OpenJDK 64-Bit Server VM Corretto-17.0.10.7.1 (17.0.10+7-LTS, mixed mode, sharing, tiered, compressed oops, compressed class ptrs, g1 gc, windows-amd64)
# No core dump will be written. Minidumps are not enabled by default on client versions of Windows
#

---------------  S U M M A R Y ------------

Command Line: -javaagent:C:\Program Files\JetBrains\IntelliJ IDEA Community Edition 2023.3.4\lib\idea_rt.jar=53324:C:\Program Files\JetBrains\IntelliJ IDEA Community Edition 2023.3.4\bin -Dfile.encoding=UTF-8 --module-path=C:\Users\ibrah\.m2\repository\org\openjfx\javafx-fxml\17.0.6\javafx-fxml-17.0.6-win.jar;C:\Users\ibrah\.m2\repository\org\openjfx\javafx-controls\17.0.6\javafx-controls-17.0.6-win.jar;C:\Users\ibrah\.m2\repository\org\openjfx\javafx-base\17.0.6\javafx-base-17.0.6-win.jar;C:\Users\ibrah\IdeaProjects\Phase1\target\classes;C:\Users\ibrah\.m2\repository\org\openjfx\javafx-graphics\17.0.6\javafx-graphics-17.0.6-win.jar -Djdk.module.main=com.example.phase1 com.example.phase1/all.MainScreen

Host: 11th Gen Intel(R) Core(TM) i7-1165G7 @ 2.80GHz, 8 cores, 15G,  Windows 11 , 64 bit Build 22621 (10.0.22621.3235)
Time: Wed Apr 10 16:51:50 2024 Namibia Standard Time elapsed time: 13.678674 seconds (0d 0h 0m 13s)

---------------  T H R E A D  ---------------

Current thread (0x000002cd1ca9c6e0):  JavaThread "C2 CompilerThread0" daemon [_thread_in_native, id=13328, stack(0x000000f2ee900000,0x000000f2eea00000)]


Current CompileTask:
C2:  13678 3671   !   4      
[error occurred during error reporting (printing current compile task), id 0xe0000001, Out of Memory Error (s\src\hotspot\share\memory\arena.cpp:79)]

Stack: [0x000000f2ee900000,0x000000f2eea00000]
Native frames: (J=compiled Java code, j=interpreted, Vv=VM code, C=native code)
V  [jvm.dll+0x67d2c9]
V  [jvm.dll+0x834b1a]
V  [jvm.dll+0x8365de]
V  [jvm.dll+0x836c43]
V  [jvm.dll+0x2477ff]
V  [jvm.dll+0xac711]
V  [jvm.dll+0xacb5c]
V  [jvm.dll+0x7a10bc]
V  [jvm.dll+0x7a11a9]
V  [jvm.dll+0x631049]
V  [jvm.dll+0x22dc26]
V  [jvm.dll+0x22e1a7]
V  [jvm.dll+0x8349a8]
V  [jvm.dll+0x8365de]
V  [jvm.dll+0x836c43]
V  [jvm.dll+0x2477ff]
V  [jvm.dll+0xac711]
V  [jvm.dll+0xacb5c]
V  [jvm.dll+0x36bb22]
V  [jvm.dll+0x36680e]
V  [jvm.dll+0x330bfa]
V  [jvm.dll+0x33009a]
V  [jvm.dll+0x219ef1]
V  [jvm.dll+0x219311]
V  [jvm.dll+0x1a502d]
V  [jvm.dll+0x2290de]
V  [jvm.dll+0x2272ac]
V  [jvm.dll+0x7e9bd7]
V  [jvm.dll+0x7e3fda]
V  [jvm.dll+0x67c1b5]
C  [ucrtbase.dll+0x29363]
C  [KERNEL32.DLL+0x1257d]
C  [ntdll.dll+0x5aa58]


---------------  P R O C E S S  ---------------

Threads class SMR info:
_java_thread_list=0x000002cd6a97b500, length=20, elements={
0x000002cd79928d40, 0x000002cd7fe1d610, 0x000002cd7fe1e1d0, 0x000002cd1ca94090,
0x000002cd1ca95050, 0x000002cd1ca95a20, 0x000002cd1ca984f0, 0x000002cd1ca9c6e0,
0x000002cd1ca9e4c0, 0x000002cd1ca9edd0, 0x000002cd7fe06d00, 0x000002cd621b9860,
0x000002cd624c6430, 0x000002cd6293fda0, 0x000002cd627b1770, 0x000002cd627f24e0,
0x000002cd62c75fd0, 0x000002cd62c30dd0, 0x000002cd62c317f0, 0x000002cd62c2e040
}

Java Threads: ( => current thread )
  0x000002cd79928d40 JavaThread "main" [_thread_blocked, id=21096, stack(0x000000f2edc00000,0x000000f2edd00000)]
  0x000002cd7fe1d610 JavaThread "Reference Handler" daemon [_thread_blocked, id=11688, stack(0x000000f2ee300000,0x000000f2ee400000)]
  0x000002cd7fe1e1d0 JavaThread "Finalizer" daemon [_thread_blocked, id=20256, stack(0x000000f2ee400000,0x000000f2ee500000)]
  0x000002cd1ca94090 JavaThread "Signal Dispatcher" daemon [_thread_blocked, id=12160, stack(0x000000f2ee500000,0x000000f2ee600000)]
  0x000002cd1ca95050 JavaThread "Attach Listener" daemon [_thread_blocked, id=20204, stack(0x000000f2ee600000,0x000000f2ee700000)]
  0x000002cd1ca95a20 JavaThread "Service Thread" daemon [_thread_blocked, id=10512, stack(0x000000f2ee700000,0x000000f2ee800000)]
  0x000002cd1ca984f0 JavaThread "Monitor Deflation Thread" daemon [_thread_blocked, id=17820, stack(0x000000f2ee800000,0x000000f2ee900000)]
=>0x000002cd1ca9c6e0 JavaThread "C2 CompilerThread0" daemon [_thread_in_native, id=13328, stack(0x000000f2ee900000,0x000000f2eea00000)]
  0x000002cd1ca9e4c0 JavaThread "C1 CompilerThread0" daemon [_thread_blocked, id=8212, stack(0x000000f2eea00000,0x000000f2eeb00000)]
  0x000002cd1ca9edd0 JavaThread "Sweeper thread" daemon [_thread_blocked, id=11956, stack(0x000000f2eeb00000,0x000000f2eec00000)]
  0x000002cd7fe06d00 JavaThread "Common-Cleaner" daemon [_thread_blocked, id=17144, stack(0x000000f2eec00000,0x000000f2eed00000)]
  0x000002cd621b9860 JavaThread "Monitor Ctrl-Break" daemon [_thread_in_native, id=22024, stack(0x000000f2eef00000,0x000000f2ef000000)]
  0x000002cd624c6430 JavaThread "Notification Thread" daemon [_thread_blocked, id=15536, stack(0x000000f2ef000000,0x000000f2ef100000)]
  0x000002cd6293fda0 JavaThread "QuantumRenderer-0" daemon [_thread_blocked, id=1068, stack(0x000000f2ef200000,0x000000f2ef300000)]
  0x000002cd627b1770 JavaThread "InvokeLaterDispatcher" daemon [_thread_blocked, id=21924, stack(0x000000f2ef300000,0x000000f2ef400000)]
  0x000002cd627f24e0 JavaThread "JavaFX Application Thread" [_thread_in_native, id=5776, stack(0x000000f2eee00000,0x000000f2eef00000)]
  0x000002cd62c75fd0 JavaThread "Thread-1" daemon [_thread_in_native, id=14108, stack(0x000000f2ef700000,0x000000f2ef800000)]
  0x000002cd62c30dd0 JavaThread "Prism Font Disposer" daemon [_thread_blocked, id=16492, stack(0x000000f2efd00000,0x000000f2efe00000)]
  0x000002cd62c317f0 JavaThread "JavaFX-Launcher" [_thread_blocked, id=5428, stack(0x000000f2efe00000,0x000000f2eff00000)]
  0x000002cd62c2e040 JavaThread "Cleaner-0" daemon [_thread_blocked, id=2316, stack(0x000000f2f0500000,0x000000f2f0600000)]

Other Threads:
  0x000002cd7fe18760 VMThread "VM Thread" [stack: 0x000000f2ee200000,0x000000f2ee300000] [id=16760]
  0x000002cd621b9d40 WatcherThread [stack: 0x000000f2ef100000,0x000000f2ef200000] [id=16808]
  0x000002cd79995160 GCTaskThread "GC Thread#0" [stack: 0x000000f2edd00000,0x000000f2ede00000] [id=13996]
  0x000002cd62bfac20 GCTaskThread "GC Thread#1" [stack: 0x000000f2ef800000,0x000000f2ef900000] [id=14976]
  0x000002cd62bdb780 GCTaskThread "GC Thread#2" [stack: 0x000000f2ef900000,0x000000f2efa00000] [id=9204]
  0x000002cd62c72090 GCTaskThread "GC Thread#3" [stack: 0x000000f2efa00000,0x000000f2efb00000] [id=22036]
  0x000002cd62bfb700 GCTaskThread "GC Thread#4" [stack: 0x000000f2efb00000,0x000000f2efc00000] [id=11860]
  0x000002cd62c1e8f0 GCTaskThread "GC Thread#5" [stack: 0x000000f2efc00000,0x000000f2efd00000] [id=22192]
  0x000002cd6a5f6a10 GCTaskThread "GC Thread#6" [stack: 0x000000f2f0200000,0x000000f2f0300000] [id=13824]
  0x000002cd6a4f94d0 GCTaskThread "GC Thread#7" [stack: 0x000000f2f0400000,0x000000f2f0500000] [id=9524]
  0x000002cd799a6c80 ConcurrentGCThread "G1 Main Marker" [stack: 0x000000f2ede00000,0x000000f2edf00000] [id=22352]
  0x000002cd799a7e40 ConcurrentGCThread "G1 Conc#0" [stack: 0x000000f2edf00000,0x000000f2ee000000] [id=8648]
  0x000002cd799dec20 ConcurrentGCThread "G1 Refine#0" [stack: 0x000000f2ee000000,0x000000f2ee100000] [id=2460]
  0x000002cd7fccd410 ConcurrentGCThread "G1 Service" [stack: 0x000000f2ee100000,0x000000f2ee200000] [id=9568]

Threads with active compile tasks:
C2 CompilerThread0    13701 3671   !   4       javafx.scene.CssStyleHelper::transitionToState (1031 bytes)

VM state: not at safepoint (normal execution)

VM Mutex/Monitor currently owned by a thread: None

Heap address: 0x0000000704400000, size: 4028 MB, Compressed Oops mode: Zero based, Oop shift amount: 3

CDS archive(s) mapped at: [0x000002cd1d000000-0x000002cd1dbb0000-0x000002cd1dbb0000), size 12255232, SharedBaseAddress: 0x000002cd1d000000, ArchiveRelocationMode: 1.
Compressed class space mapped at: 0x000002cd1e000000-0x000002cd5e000000, reserved size: 1073741824
Narrow klass base: 0x000002cd1d000000, Narrow klass shift: 0, Narrow klass range: 0x100000000

GC Precious Log:
 CPUs: 8 total, 8 available
 Memory: 16110M
 Large Page Support: Disabled
 NUMA Support: Disabled
 Compressed Oops: Enabled (Zero based)
 Heap Region Size: 2M
 Heap Min Capacity: 8M
 Heap Initial Capacity: 252M
 Heap Max Capacity: 4028M
 Pre-touch: Disabled
 Parallel Workers: 8
 Concurrent Workers: 2
 Concurrent Refinement Workers: 8
 Periodic GC: Disabled

Heap:
 garbage-first heap   total 258048K, used 39664K [0x0000000704400000, 0x0000000800000000)
  region size 2048K, 17 young (34816K), 3 survivors (6144K)
 Metaspace       used 18655K, committed 18880K, reserved 1114112K
  class space    used 2815K, committed 2944K, reserved 1048576K

Heap Regions: E=young(eden), S=young(survivor), O=old, HS=humongous(starts), HC=humongous(continues), CS=collection set, F=free, OA=open archive, CA=closed archive, TAMS=top-at-mark-start (previous, next)
|   0|0x0000000704400000, 0x00000007044bc000, 0x0000000704600000| 36%| O|  |TAMS 0x0000000704400000, 0x0000000704400000| Untracked 
|   1|0x0000000704600000, 0x0000000704800000, 0x0000000704800000|100%|HS|  |TAMS 0x0000000704600000, 0x0000000704600000| Complete 
|   2|0x0000000704800000, 0x0000000704a00000, 0x0000000704a00000|100%|HS|  |TAMS 0x0000000704800000, 0x0000000704800000| Complete 
|   3|0x0000000704a00000, 0x0000000704c00000, 0x0000000704c00000|100%|HS|  |TAMS 0x0000000704a00000, 0x0000000704a00000| Complete 
|   4|0x0000000704c00000, 0x0000000704c00000, 0x0000000704e00000|  0%| F|  |TAMS 0x0000000704c00000, 0x0000000704c00000| Untracked 
|   5|0x0000000704e00000, 0x0000000704e00000, 0x0000000705000000|  0%| F|  |TAMS 0x0000000704e00000, 0x0000000704e00000| Untracked 
|   6|0x0000000705000000, 0x0000000705000000, 0x0000000705200000|  0%| F|  |TAMS 0x0000000705000000, 0x0000000705000000| Untracked 
|   7|0x0000000705200000, 0x0000000705200000, 0x0000000705400000|  0%| F|  |TAMS 0x0000000705200000, 0x0000000705200000| Untracked 
|   8|0x0000000705400000, 0x0000000705400000, 0x0000000705600000|  0%| F|  |TAMS 0x0000000705400000, 0x0000000705400000| Untracked 
|   9|0x0000000705600000, 0x0000000705600000, 0x0000000705800000|  0%| F|  |TAMS 0x0000000705600000, 0x0000000705600000| Untracked 
|  10|0x0000000705800000, 0x0000000705800000, 0x0000000705a00000|  0%| F|  |TAMS 0x0000000705800000, 0x0000000705800000| Untracked 
|  11|0x0000000705a00000, 0x0000000705a00000, 0x0000000705c00000|  0%| F|  |TAMS 0x0000000705a00000, 0x0000000705a00000| Untracked 
|  12|0x0000000705c00000, 0x0000000705c00000, 0x0000000705e00000|  0%| F|  |TAMS 0x0000000705c00000, 0x0000000705c00000| Untracked 
|  13|0x0000000705e00000, 0x0000000705e00000, 0x0000000706000000|  0%| F|  |TAMS 0x0000000705e00000, 0x0000000705e00000| Untracked 
|  14|0x0000000706000000, 0x0000000706000000, 0x0000000706200000|  0%| F|  |TAMS 0x0000000706000000, 0x0000000706000000| Untracked 
|  15|0x0000000706200000, 0x0000000706200000, 0x0000000706400000|  0%| F|  |TAMS 0x0000000706200000, 0x0000000706200000| Untracked 
|  16|0x0000000706400000, 0x0000000706400000, 0x0000000706600000|  0%| F|  |TAMS 0x0000000706400000, 0x0000000706400000| Untracked 
|  17|0x0000000706600000, 0x0000000706600000, 0x0000000706800000|  0%| F|  |TAMS 0x0000000706600000, 0x0000000706600000| Untracked 
|  18|0x0000000706800000, 0x0000000706800000, 0x0000000706a00000|  0%| F|  |TAMS 0x0000000706800000, 0x0000000706800000| Untracked 
|  19|0x0000000706a00000, 0x0000000706a00000, 0x0000000706c00000|  0%| F|  |TAMS 0x0000000706a00000, 0x0000000706a00000| Untracked 
|  20|0x0000000706c00000, 0x0000000706c00000, 0x0000000706e00000|  0%| F|  |TAMS 0x0000000706c00000, 0x0000000706c00000| Untracked 
|  21|0x0000000706e00000, 0x0000000706e00000, 0x0000000707000000|  0%| F|  |TAMS 0x0000000706e00000, 0x0000000706e00000| Untracked 
|  22|0x0000000707000000, 0x0000000707000000, 0x0000000707200000|  0%| F|  |TAMS 0x0000000707000000, 0x0000000707000000| Untracked 
|  23|0x0000000707200000, 0x0000000707200000, 0x0000000707400000|  0%| F|  |TAMS 0x0000000707200000, 0x0000000707200000| Untracked 
|  24|0x0000000707400000, 0x0000000707400000, 0x0000000707600000|  0%| F|  |TAMS 0x0000000707400000, 0x0000000707400000| Untracked 
|  25|0x0000000707600000, 0x0000000707600000, 0x0000000707800000|  0%| F|  |TAMS 0x0000000707600000, 0x0000000707600000| Untracked 
|  26|0x0000000707800000, 0x0000000707800000, 0x0000000707a00000|  0%| F|  |TAMS 0x0000000707800000, 0x0000000707800000| Untracked 
|  27|0x0000000707a00000, 0x0000000707a00000, 0x0000000707c00000|  0%| F|  |TAMS 0x0000000707a00000, 0x0000000707a00000| Untracked 
|  28|0x0000000707c00000, 0x0000000707c00000, 0x0000000707e00000|  0%| F|  |TAMS 0x0000000707c00000, 0x0000000707c00000| Untracked 
|  29|0x0000000707e00000, 0x0000000707e00000, 0x0000000708000000|  0%| F|  |TAMS 0x0000000707e00000, 0x0000000707e00000| Untracked 
|  30|0x0000000708000000, 0x0000000708000000, 0x0000000708200000|  0%| F|  |TAMS 0x0000000708000000, 0x0000000708000000| Untracked 
|  31|0x0000000708200000, 0x0000000708200000, 0x0000000708400000|  0%| F|  |TAMS 0x0000000708200000, 0x0000000708200000| Untracked 
|  32|0x0000000708400000, 0x0000000708400000, 0x0000000708600000|  0%| F|  |TAMS 0x0000000708400000, 0x0000000708400000| Untracked 
|  33|0x0000000708600000, 0x0000000708600000, 0x0000000708800000|  0%| F|  |TAMS 0x0000000708600000, 0x0000000708600000| Untracked 
|  34|0x0000000708800000, 0x0000000708800000, 0x0000000708a00000|  0%| F|  |TAMS 0x0000000708800000, 0x0000000708800000| Untracked 
|  35|0x0000000708a00000, 0x0000000708a00000, 0x0000000708c00000|  0%| F|  |TAMS 0x0000000708a00000, 0x0000000708a00000| Untracked 
|  36|0x0000000708c00000, 0x0000000708c00000, 0x0000000708e00000|  0%| F|  |TAMS 0x0000000708c00000, 0x0000000708c00000| Untracked 
|  37|0x0000000708e00000, 0x0000000708e00000, 0x0000000709000000|  0%| F|  |TAMS 0x0000000708e00000, 0x0000000708e00000| Untracked 
|  38|0x0000000709000000, 0x0000000709000000, 0x0000000709200000|  0%| F|  |TAMS 0x0000000709000000, 0x0000000709000000| Untracked 
|  39|0x0000000709200000, 0x0000000709200000, 0x0000000709400000|  0%| F|  |TAMS 0x0000000709200000, 0x0000000709200000| Untracked 
|  40|0x0000000709400000, 0x0000000709400000, 0x0000000709600000|  0%| F|  |TAMS 0x0000000709400000, 0x0000000709400000| Untracked 
|  41|0x0000000709600000, 0x0000000709600000, 0x0000000709800000|  0%| F|  |TAMS 0x0000000709600000, 0x0000000709600000| Untracked 
|  42|0x0000000709800000, 0x0000000709800000, 0x0000000709a00000|  0%| F|  |TAMS 0x0000000709800000, 0x0000000709800000| Untracked 
|  43|0x0000000709a00000, 0x0000000709a00000, 0x0000000709c00000|  0%| F|  |TAMS 0x0000000709a00000, 0x0000000709a00000| Untracked 
|  44|0x0000000709c00000, 0x0000000709c00000, 0x0000000709e00000|  0%| F|  |TAMS 0x0000000709c00000, 0x0000000709c00000| Untracked 
|  45|0x0000000709e00000, 0x0000000709e00000, 0x000000070a000000|  0%| F|  |TAMS 0x0000000709e00000, 0x0000000709e00000| Untracked 
|  46|0x000000070a000000, 0x000000070a000000, 0x000000070a200000|  0%| F|  |TAMS 0x000000070a000000, 0x000000070a000000| Untracked 
|  47|0x000000070a200000, 0x000000070a200000, 0x000000070a400000|  0%| F|  |TAMS 0x000000070a200000, 0x000000070a200000| Untracked 
|  48|0x000000070a400000, 0x000000070a400000, 0x000000070a600000|  0%| F|  |TAMS 0x000000070a400000, 0x000000070a400000| Untracked 
|  49|0x000000070a600000, 0x000000070a600000, 0x000000070a800000|  0%| F|  |TAMS 0x000000070a600000, 0x000000070a600000| Untracked 
|  50|0x000000070a800000, 0x000000070a800000, 0x000000070aa00000|  0%| F|  |TAMS 0x000000070a800000, 0x000000070a800000| Untracked 
|  51|0x000000070aa00000, 0x000000070aa00000, 0x000000070ac00000|  0%| F|  |TAMS 0x000000070aa00000, 0x000000070aa00000| Untracked 
|  52|0x000000070ac00000, 0x000000070ac00000, 0x000000070ae00000|  0%| F|  |TAMS 0x000000070ac00000, 0x000000070ac00000| Untracked 
|  53|0x000000070ae00000, 0x000000070ae00000, 0x000000070b000000|  0%| F|  |TAMS 0x000000070ae00000, 0x000000070ae00000| Untracked 
|  54|0x000000070b000000, 0x000000070b000000, 0x000000070b200000|  0%| F|  |TAMS 0x000000070b000000, 0x000000070b000000| Untracked 
|  55|0x000000070b200000, 0x000000070b200000, 0x000000070b400000|  0%| F|  |TAMS 0x000000070b200000, 0x000000070b200000| Untracked 
|  56|0x000000070b400000, 0x000000070b400000, 0x000000070b600000|  0%| F|  |TAMS 0x000000070b400000, 0x000000070b400000| Untracked 
|  57|0x000000070b600000, 0x000000070b600000, 0x000000070b800000|  0%| F|  |TAMS 0x000000070b600000, 0x000000070b600000| Untracked 
|  58|0x000000070b800000, 0x000000070b800000, 0x000000070ba00000|  0%| F|  |TAMS 0x000000070b800000, 0x000000070b800000| Untracked 
|  59|0x000000070ba00000, 0x000000070ba00000, 0x000000070bc00000|  0%| F|  |TAMS 0x000000070ba00000, 0x000000070ba00000| Untracked 
|  60|0x000000070bc00000, 0x000000070bc00000, 0x000000070be00000|  0%| F|  |TAMS 0x000000070bc00000, 0x000000070bc00000| Untracked 
|  61|0x000000070be00000, 0x000000070be00000, 0x000000070c000000|  0%| F|  |TAMS 0x000000070be00000, 0x000000070be00000| Untracked 
|  62|0x000000070c000000, 0x000000070c000000, 0x000000070c200000|  0%| F|  |TAMS 0x000000070c000000, 0x000000070c000000| Untracked 
|  63|0x000000070c200000, 0x000000070c200000, 0x000000070c400000|  0%| F|  |TAMS 0x000000070c200000, 0x000000070c200000| Untracked 
|  64|0x000000070c400000, 0x000000070c400000, 0x000000070c600000|  0%| F|  |TAMS 0x000000070c400000, 0x000000070c400000| Untracked 
|  65|0x000000070c600000, 0x000000070c600000, 0x000000070c800000|  0%| F|  |TAMS 0x000000070c600000, 0x000000070c600000| Untracked 
|  66|0x000000070c800000, 0x000000070c800000, 0x000000070ca00000|  0%| F|  |TAMS 0x000000070c800000, 0x000000070c800000| Untracked 
|  67|0x000000070ca00000, 0x000000070ca00000, 0x000000070cc00000|  0%| F|  |TAMS 0x000000070ca00000, 0x000000070ca00000| Untracked 
|  68|0x000000070cc00000, 0x000000070cc00000, 0x000000070ce00000|  0%| F|  |TAMS 0x000000070cc00000, 0x000000070cc00000| Untracked 
|  69|0x000000070ce00000, 0x000000070ce00000, 0x000000070d000000|  0%| F|  |TAMS 0x000000070ce00000, 0x000000070ce00000| Untracked 
|  70|0x000000070d000000, 0x000000070d000000, 0x000000070d200000|  0%| F|  |TAMS 0x000000070d000000, 0x000000070d000000| Untracked 
|  71|0x000000070d200000, 0x000000070d200000, 0x000000070d400000|  0%| F|  |TAMS 0x000000070d200000, 0x000000070d200000| Untracked 
|  72|0x000000070d400000, 0x000000070d400000, 0x000000070d600000|  0%| F|  |TAMS 0x000000070d400000, 0x000000070d400000| Untracked 
|  73|0x000000070d600000, 0x000000070d600000, 0x000000070d800000|  0%| F|  |TAMS 0x000000070d600000, 0x000000070d600000| Untracked 
|  74|0x000000070d800000, 0x000000070d800000, 0x000000070da00000|  0%| F|  |TAMS 0x000000070d800000, 0x000000070d800000| Untracked 
|  75|0x000000070da00000, 0x000000070da00000, 0x000000070dc00000|  0%| F|  |TAMS 0x000000070da00000, 0x000000070da00000| Untracked 
|  76|0x000000070dc00000, 0x000000070dc00000, 0x000000070de00000|  0%| F|  |TAMS 0x000000070dc00000, 0x000000070dc00000| Untracked 
|  77|0x000000070de00000, 0x000000070de00000, 0x000000070e000000|  0%| F|  |TAMS 0x000000070de00000, 0x000000070de00000| Untracked 
|  78|0x000000070e000000, 0x000000070e000000, 0x000000070e200000|  0%| F|  |TAMS 0x000000070e000000, 0x000000070e000000| Untracked 
|  79|0x000000070e200000, 0x000000070e200000, 0x000000070e400000|  0%| F|  |TAMS 0x000000070e200000, 0x000000070e200000| Untracked 
|  80|0x000000070e400000, 0x000000070e400000, 0x000000070e600000|  0%| F|  |TAMS 0x000000070e400000, 0x000000070e400000| Untracked 
|  81|0x000000070e600000, 0x000000070e600000, 0x000000070e800000|  0%| F|  |TAMS 0x000000070e600000, 0x000000070e600000| Untracked 
|  82|0x000000070e800000, 0x000000070e800000, 0x000000070ea00000|  0%| F|  |TAMS 0x000000070e800000, 0x000000070e800000| Untracked 
|  83|0x000000070ea00000, 0x000000070ea00000, 0x000000070ec00000|  0%| F|  |TAMS 0x000000070ea00000, 0x000000070ea00000| Untracked 
|  84|0x000000070ec00000, 0x000000070ec00000, 0x000000070ee00000|  0%| F|  |TAMS 0x000000070ec00000, 0x000000070ec00000| Untracked 
|  85|0x000000070ee00000, 0x000000070ee00000, 0x000000070f000000|  0%| F|  |TAMS 0x000000070ee00000, 0x000000070ee00000| Untracked 
|  86|0x000000070f000000, 0x000000070f000000, 0x000000070f200000|  0%| F|  |TAMS 0x000000070f000000, 0x000000070f000000| Untracked 
|  87|0x000000070f200000, 0x000000070f200000, 0x000000070f400000|  0%| F|  |TAMS 0x000000070f200000, 0x000000070f200000| Untracked 
|  88|0x000000070f400000, 0x000000070f400000, 0x000000070f600000|  0%| F|  |TAMS 0x000000070f400000, 0x000000070f400000| Untracked 
|  89|0x000000070f600000, 0x000000070f600000, 0x000000070f800000|  0%| F|  |TAMS 0x000000070f600000, 0x000000070f600000| Untracked 
|  90|0x000000070f800000, 0x000000070f800000, 0x000000070fa00000|  0%| F|  |TAMS 0x000000070f800000, 0x000000070f800000| Untracked 
|  91|0x000000070fa00000, 0x000000070fa00000, 0x000000070fc00000|  0%| F|  |TAMS 0x000000070fa00000, 0x000000070fa00000| Untracked 
|  92|0x000000070fc00000, 0x000000070fc00000, 0x000000070fe00000|  0%| F|  |TAMS 0x000000070fc00000, 0x000000070fc00000| Untracked 
|  93|0x000000070fe00000, 0x000000070fe00000, 0x0000000710000000|  0%| F|  |TAMS 0x000000070fe00000, 0x000000070fe00000| Untracked 
|  94|0x0000000710000000, 0x0000000710000000, 0x0000000710200000|  0%| F|  |TAMS 0x0000000710000000, 0x0000000710000000| Untracked 
|  95|0x0000000710200000, 0x0000000710200000, 0x0000000710400000|  0%| F|  |TAMS 0x0000000710200000, 0x0000000710200000| Untracked 
|  96|0x0000000710400000, 0x0000000710400000, 0x0000000710600000|  0%| F|  |TAMS 0x0000000710400000, 0x0000000710400000| Untracked 
|  97|0x0000000710600000, 0x0000000710600000, 0x0000000710800000|  0%| F|  |TAMS 0x0000000710600000, 0x0000000710600000| Untracked 
|  98|0x0000000710800000, 0x0000000710800000, 0x0000000710a00000|  0%| F|  |TAMS 0x0000000710800000, 0x0000000710800000| Untracked 
|  99|0x0000000710a00000, 0x0000000710a00000, 0x0000000710c00000|  0%| F|  |TAMS 0x0000000710a00000, 0x0000000710a00000| Untracked 
| 100|0x0000000710c00000, 0x0000000710c00000, 0x0000000710e00000|  0%| F|  |TAMS 0x0000000710c00000, 0x0000000710c00000| Untracked 
| 101|0x0000000710e00000, 0x0000000710e00000, 0x0000000711000000|  0%| F|  |TAMS 0x0000000710e00000, 0x0000000710e00000| Untracked 
| 102|0x0000000711000000, 0x0000000711000000, 0x0000000711200000|  0%| F|  |TAMS 0x0000000711000000, 0x0000000711000000| Untracked 
| 103|0x0000000711200000, 0x0000000711400000, 0x0000000711400000|100%| S|CS|TAMS 0x0000000711200000, 0x0000000711200000| Complete 
| 104|0x0000000711400000, 0x0000000711600000, 0x0000000711600000|100%| S|CS|TAMS 0x0000000711400000, 0x0000000711400000| Complete 
| 105|0x0000000711600000, 0x0000000711800000, 0x0000000711800000|100%| S|CS|TAMS 0x0000000711600000, 0x0000000711600000| Complete 
| 106|0x0000000711800000, 0x0000000711800000, 0x0000000711a00000|  0%| F|  |TAMS 0x0000000711800000, 0x0000000711800000| Untracked 
| 107|0x0000000711a00000, 0x0000000711a00000, 0x0000000711c00000|  0%| F|  |TAMS 0x0000000711a00000, 0x0000000711a00000| Untracked 
| 108|0x0000000711c00000, 0x0000000711c00000, 0x0000000711e00000|  0%| F|  |TAMS 0x0000000711c00000, 0x0000000711c00000| Untracked 
| 109|0x0000000711e00000, 0x0000000711e00000, 0x0000000712000000|  0%| F|  |TAMS 0x0000000711e00000, 0x0000000711e00000| Untracked 
| 110|0x0000000712000000, 0x0000000712000000, 0x0000000712200000|  0%| F|  |TAMS 0x0000000712000000, 0x0000000712000000| Untracked 
| 111|0x0000000712200000, 0x0000000712200000, 0x0000000712400000|  0%| F|  |TAMS 0x0000000712200000, 0x0000000712200000| Untracked 
| 112|0x0000000712400000, 0x0000000712500800, 0x0000000712600000| 50%| E|  |TAMS 0x0000000712400000, 0x0000000712400000| Complete 
| 113|0x0000000712600000, 0x0000000712800000, 0x0000000712800000|100%| E|CS|TAMS 0x0000000712600000, 0x0000000712600000| Complete 
| 114|0x0000000712800000, 0x0000000712a00000, 0x0000000712a00000|100%| E|CS|TAMS 0x0000000712800000, 0x0000000712800000| Complete 
| 115|0x0000000712a00000, 0x0000000712c00000, 0x0000000712c00000|100%| E|CS|TAMS 0x0000000712a00000, 0x0000000712a00000| Complete 
| 116|0x0000000712c00000, 0x0000000712e00000, 0x0000000712e00000|100%| E|CS|TAMS 0x0000000712c00000, 0x0000000712c00000| Complete 
| 117|0x0000000712e00000, 0x0000000713000000, 0x0000000713000000|100%| E|CS|TAMS 0x0000000712e00000, 0x0000000712e00000| Complete 
| 118|0x0000000713000000, 0x0000000713200000, 0x0000000713200000|100%| E|CS|TAMS 0x0000000713000000, 0x0000000713000000| Complete 
| 119|0x0000000713200000, 0x0000000713400000, 0x0000000713400000|100%| E|CS|TAMS 0x0000000713200000, 0x0000000713200000| Complete 
| 120|0x0000000713400000, 0x0000000713600000, 0x0000000713600000|100%| E|CS|TAMS 0x0000000713400000, 0x0000000713400000| Complete 
| 121|0x0000000713600000, 0x0000000713800000, 0x0000000713800000|100%| E|CS|TAMS 0x0000000713600000, 0x0000000713600000| Complete 
| 122|0x0000000713800000, 0x0000000713a00000, 0x0000000713a00000|100%| E|CS|TAMS 0x0000000713800000, 0x0000000713800000| Complete 
| 123|0x0000000713a00000, 0x0000000713c00000, 0x0000000713c00000|100%| E|CS|TAMS 0x0000000713a00000, 0x0000000713a00000| Complete 
| 124|0x0000000713c00000, 0x0000000713e00000, 0x0000000713e00000|100%| E|CS|TAMS 0x0000000713c00000, 0x0000000713c00000| Complete 
| 125|0x0000000713e00000, 0x0000000714000000, 0x0000000714000000|100%| E|CS|TAMS 0x0000000713e00000, 0x0000000713e00000| Complete 

Card table byte_map: [0x000002cd7a500000,0x000002cd7ace0000] _byte_map_base: 0x000002cd76cde000

Marking Bits (Prev, Next): (CMBitMap*) 0x000002cd79995780, (CMBitMap*) 0x000002cd799957c0
 Prev Bits: [0x000002cd7b4c0000, 0x000002cd7f3b0000)
 Next Bits: [0x000002cd16a60000, 0x000002cd1a950000)

Polling page: 0x000002cd77860000

Metaspace:

Usage:
  Non-class:     15.47 MB used.
      Class:      2.75 MB used.
       Both:     18.22 MB used.

Virtual space:
  Non-class space:       64.00 MB reserved,      15.56 MB ( 24%) committed,  1 nodes.
      Class space:        1.00 GB reserved,       2.88 MB ( <1%) committed,  1 nodes.
             Both:        1.06 GB reserved,      18.44 MB (  2%) committed. 

Chunk freelists:
   Non-Class:  144.00 KB
       Class:  13.17 MB
        Both:  13.31 MB

MaxMetaspaceSize: unlimited
CompressedClassSpaceSize: 1.00 GB
Initial GC threshold: 21.00 MB
Current GC threshold: 21.00 MB
CDS: on
MetaspaceReclaimPolicy: balanced
 - commit_granule_bytes: 65536.
 - commit_granule_words: 8192.
 - virtual_space_node_default_size: 8388608.
 - enlarge_chunks_in_place: 1.
 - new_chunks_are_fully_committed: 0.
 - uncommit_free_chunks: 1.
 - use_allocation_guard: 0.
 - handle_deallocations: 1.


Internal statistics:

num_allocs_failed_limit: 0.
num_arena_births: 176.
num_arena_deaths: 0.
num_vsnodes_births: 2.
num_vsnodes_deaths: 0.
num_space_committed: 295.
num_space_uncommitted: 0.
num_chunks_returned_to_freelist: 0.
num_chunks_taken_from_freelist: 810.
num_chunk_merges: 0.
num_chunk_splits: 572.
num_chunks_enlarged: 480.
num_inconsistent_stats: 0.

CodeHeap 'non-profiled nmethods': size=120000Kb used=1747Kb max_used=1747Kb free=118252Kb
 bounds [0x000002cd0f530000, 0x000002cd0f7a0000, 0x000002cd16a60000]
CodeHeap 'profiled nmethods': size=120000Kb used=7483Kb max_used=7483Kb free=112516Kb
 bounds [0x000002cd07a60000, 0x000002cd081b0000, 0x000002cd0ef90000]
CodeHeap 'non-nmethods': size=5760Kb used=1448Kb max_used=1490Kb free=4311Kb
 bounds [0x000002cd0ef90000, 0x000002cd0f200000, 0x000002cd0f530000]
 total_blobs=4480 nmethods=3680 adapters=712
 compilation: enabled
              stopped_count=0, restarted_count=0
 full_count=0

Compilation events (20 events):
Event: 13.518 Thread 0x000002cd1ca9e4c0 3673       3       com.sun.javafx.scene.control.ControlHelper::processCSSImpl (10 bytes)
Event: 13.518 Thread 0x000002cd1ca9e4c0 nmethod 3673 0x000002cd0819a310 code [0x000002cd0819a4c0, 0x000002cd0819a7c8]
Event: 13.520 Thread 0x000002cd1ca9e4c0 3674       1       javafx.scene.control.ContextMenu::getItems (5 bytes)
Event: 13.520 Thread 0x000002cd1ca9e4c0 nmethod 3674 0x000002cd0f6e4990 code [0x000002cd0f6e4b20, 0x000002cd0f6e4bf8]
Event: 13.520 Thread 0x000002cd1ca9e4c0 3676       3       com.sun.javafx.collections.VetoableListDecorator$VetoableIteratorDecorator::next (31 bytes)
Event: 13.520 Thread 0x000002cd1ca9e4c0 nmethod 3676 0x000002cd0819a910 code [0x000002cd0819aae0, 0x000002cd0819aef8]
Event: 13.520 Thread 0x000002cd1ca9e4c0 3675       3       javafx.scene.Camera::getProjViewTransform (69 bytes)
Event: 13.521 Thread 0x000002cd1ca9e4c0 nmethod 3675 0x000002cd0819b110 code [0x000002cd0819b300, 0x000002cd0819b7b8]
Event: 13.521 Thread 0x000002cd1ca9e4c0 3677       3       javafx.scene.layout.Region::computeChildMinAreaWidth (256 bytes)
Event: 13.523 Thread 0x000002cd1ca9e4c0 nmethod 3677 0x000002cd0819b990 code [0x000002cd0819c200, 0x000002cd081a0978]
Event: 13.523 Thread 0x000002cd1ca9e4c0 3678       3       javafx.scene.control.Control::computeMaxHeight (51 bytes)
Event: 13.524 Thread 0x000002cd1ca9e4c0 nmethod 3678 0x000002cd081a2010 code [0x000002cd081a24c0, 0x000002cd081a49a8]
Event: 13.524 Thread 0x000002cd1ca9e4c0 3680       3       javafx.scene.Node::doUpdatePeer (361 bytes)
Event: 13.529 Thread 0x000002cd1ca9e4c0 nmethod 3680 0x000002cd081a5390 code [0x000002cd081a5c00, 0x000002cd081ab9d8]
Event: 13.529 Thread 0x000002cd1ca9e4c0 3679       3       javafx.scene.layout.Region::computeXOffset (60 bytes)
Event: 13.529 Thread 0x000002cd1ca9e4c0 nmethod 3679 0x000002cd081ad290 code [0x000002cd081ad480, 0x000002cd081ad788]
Event: 13.529 Thread 0x000002cd1ca9e4c0 3681       3       javafx.scene.Scene::resizeRootToPreferredSize (105 bytes)
Event: 13.529 Thread 0x000002cd1ca9e4c0 nmethod 3681 0x000002cd081ad910 code [0x000002cd081adb60, 0x000002cd081ae058]
Event: 13.626 Thread 0x000002cd1ca9e4c0 3682       3       javafx.scene.Scene$2$1::doLayoutPass (13 bytes)
Event: 13.627 Thread 0x000002cd1ca9e4c0 nmethod 3682 0x000002cd081ae210 code [0x000002cd081ae420, 0x000002cd081aec98]

GC Heap History (4 events):
Event: 0.675 GC heap before
{Heap before GC invocations=0 (full 0):
 garbage-first heap   total 258048K, used 22528K [0x0000000704400000, 0x0000000800000000)
  region size 2048K, 11 young (22528K), 0 survivors (0K)
 Metaspace       used 5447K, committed 5632K, reserved 1114112K
  class space    used 630K, committed 704K, reserved 1048576K
}
Event: 0.678 GC heap after
{Heap after GC invocations=1 (full 0):
 garbage-first heap   total 258048K, used 3221K [0x0000000704400000, 0x0000000800000000)
  region size 2048K, 2 young (4096K), 2 survivors (4096K)
 Metaspace       used 5447K, committed 5632K, reserved 1114112K
  class space    used 630K, committed 704K, reserved 1048576K
}
Event: 1.602 GC heap before
{Heap before GC invocations=1 (full 0):
 garbage-first heap   total 258048K, used 40085K [0x0000000704400000, 0x0000000800000000)
  region size 2048K, 20 young (40960K), 2 survivors (4096K)
 Metaspace       used 14059K, committed 14272K, reserved 1114112K
  class space    used 2172K, committed 2304K, reserved 1048576K
}
Event: 1.614 GC heap after
{Heap after GC invocations=2 (full 0):
 garbage-first heap   total 258048K, used 6896K [0x0000000704400000, 0x0000000800000000)
  region size 2048K, 3 young (6144K), 3 survivors (6144K)
 Metaspace       used 14059K, committed 14272K, reserved 1114112K
  class space    used 2172K, committed 2304K, reserved 1048576K
}

Dll operation events (20 events):
Event: 0.404 Loaded shared library C:\Users\ibrah\.openjfx\cache\17.0.6\api-ms-win-crt-locale-l1-1-0.dll
Event: 0.407 Loaded shared library C:\Users\ibrah\.openjfx\cache\17.0.6\api-ms-win-crt-math-l1-1-0.dll
Event: 0.410 Loaded shared library C:\Users\ibrah\.openjfx\cache\17.0.6\api-ms-win-crt-multibyte-l1-1-0.dll
Event: 0.413 Loaded shared library C:\Users\ibrah\.openjfx\cache\17.0.6\api-ms-win-crt-private-l1-1-0.dll
Event: 0.416 Loaded shared library C:\Users\ibrah\.openjfx\cache\17.0.6\api-ms-win-crt-process-l1-1-0.dll
Event: 0.418 Loaded shared library C:\Users\ibrah\.openjfx\cache\17.0.6\api-ms-win-crt-runtime-l1-1-0.dll
Event: 0.420 Loaded shared library C:\Users\ibrah\.openjfx\cache\17.0.6\api-ms-win-crt-stdio-l1-1-0.dll
Event: 0.422 Loaded shared library C:\Users\ibrah\.openjfx\cache\17.0.6\api-ms-win-crt-string-l1-1-0.dll
Event: 0.425 Loaded shared library C:\Users\ibrah\.openjfx\cache\17.0.6\api-ms-win-crt-time-l1-1-0.dll
Event: 0.427 Loaded shared library C:\Users\ibrah\.openjfx\cache\17.0.6\api-ms-win-crt-utility-l1-1-0.dll
Event: 0.443 Loaded shared library C:\Users\ibrah\.openjfx\cache\17.0.6\ucrtbase.dll
Event: 0.447 Loaded shared library C:\Users\ibrah\.openjfx\cache\17.0.6\vcruntime140.dll
Event: 0.450 Loaded shared library C:\Users\ibrah\.openjfx\cache\17.0.6\vcruntime140_1.dll
Event: 0.458 Loaded shared library C:\Users\ibrah\.openjfx\cache\17.0.6\msvcp140.dll
Event: 0.461 Loaded shared library C:\Users\ibrah\.openjfx\cache\17.0.6\msvcp140_1.dll
Event: 0.465 Loaded shared library C:\Users\ibrah\.openjfx\cache\17.0.6\msvcp140_2.dll
Event: 0.503 Loaded shared library C:\Users\ibrah\.openjfx\cache\17.0.6\prism_d3d.dll
Event: 0.551 Loaded shared library C:\Users\ibrah\.openjfx\cache\17.0.6\glass.dll
Event: 0.720 Loaded shared library C:\Users\ibrah\.openjfx\cache\17.0.6\javafx_font.dll
Event: 0.747 Loaded shared library C:\Users\ibrah\.jdks\corretto-17.0.10\bin\jimage.dll

Deoptimization events (20 events):
Event: 12.681 Thread 0x000002cd6293fda0 DEOPT PACKING pc=0x000002cd08180509 sp=0x000000f2ef2fd2d0
Event: 12.681 Thread 0x000002cd6293fda0 DEOPT UNPACKING pc=0x000002cd0efeace3 sp=0x000000f2ef2fc738 mode 0
Event: 12.681 Thread 0x000002cd6293fda0 DEOPT PACKING pc=0x000002cd08180509 sp=0x000000f2ef2fd2d0
Event: 12.681 Thread 0x000002cd6293fda0 DEOPT UNPACKING pc=0x000002cd0efeace3 sp=0x000000f2ef2fc738 mode 0
Event: 12.681 Thread 0x000002cd6293fda0 DEOPT PACKING pc=0x000002cd08180509 sp=0x000000f2ef2fd2d0
Event: 12.681 Thread 0x000002cd6293fda0 DEOPT UNPACKING pc=0x000002cd0efeace3 sp=0x000000f2ef2fc738 mode 0
Event: 12.681 Thread 0x000002cd6293fda0 DEOPT PACKING pc=0x000002cd08180509 sp=0x000000f2ef2fd2d0
Event: 12.681 Thread 0x000002cd6293fda0 DEOPT UNPACKING pc=0x000002cd0efeace3 sp=0x000000f2ef2fc738 mode 0
Event: 12.682 Thread 0x000002cd6293fda0 DEOPT PACKING pc=0x000002cd08180509 sp=0x000000f2ef2fd2d0
Event: 12.682 Thread 0x000002cd6293fda0 DEOPT UNPACKING pc=0x000002cd0efeace3 sp=0x000000f2ef2fc738 mode 0
Event: 12.682 Thread 0x000002cd6293fda0 DEOPT PACKING pc=0x000002cd08180509 sp=0x000000f2ef2fd2d0
Event: 12.682 Thread 0x000002cd6293fda0 DEOPT UNPACKING pc=0x000002cd0efeace3 sp=0x000000f2ef2fc738 mode 0
Event: 12.682 Thread 0x000002cd6293fda0 DEOPT PACKING pc=0x000002cd08180509 sp=0x000000f2ef2fd2d0
Event: 12.682 Thread 0x000002cd6293fda0 DEOPT UNPACKING pc=0x000002cd0efeace3 sp=0x000000f2ef2fc738 mode 0
Event: 12.682 Thread 0x000002cd6293fda0 DEOPT PACKING pc=0x000002cd08180509 sp=0x000000f2ef2fd2d0
Event: 12.682 Thread 0x000002cd6293fda0 DEOPT UNPACKING pc=0x000002cd0efeace3 sp=0x000000f2ef2fc738 mode 0
Event: 12.687 Thread 0x000002cd6293fda0 DEOPT PACKING pc=0x000002cd08180509 sp=0x000000f2ef2fc5b0
Event: 12.687 Thread 0x000002cd6293fda0 DEOPT UNPACKING pc=0x000002cd0efeace3 sp=0x000000f2ef2fba18 mode 0
Event: 12.688 Thread 0x000002cd6293fda0 DEOPT PACKING pc=0x000002cd08180509 sp=0x000000f2ef2fc5b0
Event: 12.688 Thread 0x000002cd6293fda0 DEOPT UNPACKING pc=0x000002cd0efeace3 sp=0x000000f2ef2fba18 mode 0

Classes unloaded (0 events):
No events

Classes redefined (0 events):
No events

Internal exceptions (20 events):
Event: 0.965 Thread 0x000002cd627f24e0 Implicit null exception at 0x000002cd0f54c70f to 0x000002cd0f54c789
Event: 1.083 Thread 0x000002cd627f24e0 Exception <a 'java/lang/NoSuchMethodError'{0x0000000712a0c320}: 'int java.lang.invoke.DirectMethodHandle$Holder.invokeStaticInit(java.lang.Object, java.lang.Object)'> (0x0000000712a0c320) 
thrown [s\src\hotspot\share\interpreter\linkResolver.cpp, line 759]
Event: 1.138 Thread 0x000002cd1ca95050 Exception <a 'sun/nio/fs/WindowsException'{0x000000071250bc90}> (0x000000071250bc90) 
thrown [s\src\hotspot\share\prims\jni.cpp, line 516]
Event: 1.169 Thread 0x000002cd627f24e0 Exception <a 'java/lang/NoSuchMethodError'{0x0000000712216598}: 'void java.lang.invoke.DirectMethodHandle$Holder.invokeSpecial(java.lang.Object, java.lang.Object, java.lang.Object, java.lang.Object, java.lang.Object, java.lang.Object)'> (0x0000000712216598) 
thrown [s\src\hotspot\share\interpreter\linkResolver.cpp, line 759]
Event: 1.212 Thread 0x000002cd627f24e0 Exception <a 'java/lang/NoSuchMethodError'{0x0000000712309000}: 'java.lang.Object java.lang.invoke.DirectMethodHandle$Holder.invokeInterface(java.lang.Object, java.lang.Object, java.lang.Object)'> (0x0000000712309000) 
thrown [s\src\hotspot\share\interpreter\linkResolver.cpp, line 759]
Event: 1.213 Thread 0x000002cd627f24e0 Exception <a 'java/lang/IncompatibleClassChangeError'{0x000000071230cc30}: Found class java.lang.Object, but interface was expected> (0x000000071230cc30) 
thrown [s\src\hotspot\share\interpreter\linkResolver.cpp, line 826]
Event: 1.349 Thread 0x000002cd627f24e0 Exception <a 'java/lang/ClassNotFoundException'{0x0000000711f6e1f0}: com/sun/javafx/scene/control/skin/resources/controls> (0x0000000711f6e1f0) 
thrown [s\src\hotspot\share\prims\jni.cpp, line 535]
Event: 1.350 Thread 0x000002cd627f24e0 Exception <a 'java/lang/ClassNotFoundException'{0x0000000711f7c1a0}: com/sun/javafx/scene/control/skin/resources/controls_en> (0x0000000711f7c1a0) 
thrown [s\src\hotspot\share\prims\jni.cpp, line 535]
Event: 1.351 Thread 0x000002cd627f24e0 Exception <a 'java/lang/ClassNotFoundException'{0x0000000711f7d148}: com/sun/javafx/scene/control/skin/resources/controls_en_US> (0x0000000711f7d148) 
thrown [s\src\hotspot\share\prims\jni.cpp, line 535]
Event: 1.515 Thread 0x000002cd627f24e0 Exception <a 'java/lang/NoSuchMethodError'{0x0000000711864a10}: 'java.lang.Object java.lang.invoke.DirectMethodHandle$Holder.newInvokeSpecial(java.lang.Object, java.lang.Object, int)'> (0x0000000711864a10) 
thrown [s\src\hotspot\share\interpreter\linkResolver.cpp, line 759]
Event: 3.170 Thread 0x000002cd627f24e0 Exception <a 'java/lang/NoSuchMethodError'{0x0000000713457f90}: 'long java.lang.invoke.DirectMethodHandle$Holder.invokeStatic(java.lang.Object, java.lang.Object, java.lang.Object)'> (0x0000000713457f90) 
thrown [s\src\hotspot\share\interpreter\linkResolver.cpp, line 759]
Event: 3.171 Thread 0x000002cd627f24e0 Exception <a 'java/lang/NoSuchMethodError'{0x000000071345b738}: 'long java.lang.invoke.DirectMethodHandle$Holder.invokeStaticInit(java.lang.Object, java.lang.Object, java.lang.Object)'> (0x000000071345b738) 
thrown [s\src\hotspot\share\interpreter\linkResolver.cpp, line 759]
Event: 3.176 Thread 0x000002cd627f24e0 Exception <a 'java/lang/NoSuchMethodError'{0x00000007134733a0}: 'java.lang.Object java.lang.invoke.DirectMethodHandle$Holder.newInvokeSpecial(java.lang.Object, java.lang.Object, long)'> (0x00000007134733a0) 
thrown [s\src\hotspot\share\interpreter\linkResolver.cpp, line 759]
Event: 3.176 Thread 0x000002cd627f24e0 Exception <a 'java/lang/NoSuchMethodError'{0x0000000713476f10}: 'java.lang.Object java.lang.invoke.Invokers$Holder.linkToTargetMethod(java.lang.Object, long, java.lang.Object)'> (0x0000000713476f10) 
thrown [s\src\hotspot\share\interpreter\linkResolver.cpp, line 759]
Event: 3.184 Thread 0x000002cd6293fda0 Exception <a 'java/lang/NoSuchMethodError'{0x0000000713b4cc38}: 'java.lang.Object java.lang.invoke.DirectMethodHandle$Holder.invokeStaticInit(java.lang.Object, int)'> (0x0000000713b4cc38) 
thrown [s\src\hotspot\share\interpreter\linkResolver.cpp, line 759]
Event: 6.422 Thread 0x000002cd627f24e0 Implicit null exception at 0x000002cd0f65c250 to 0x000002cd0f65c2d8
Event: 6.473 Thread 0x000002cd627f24e0 Exception <a 'java/lang/NoSuchMethodError'{0x0000000712d7e118}: 'void java.lang.invoke.DirectMethodHandle$Holder.invokeSpecialIFC(java.lang.Object, java.lang.Object, java.lang.Object, java.lang.Object)'> (0x0000000712d7e118) 
thrown [s\src\hotspot\share\interpreter\linkResolver.cpp, line 759]
Event: 6.484 Thread 0x000002cd627f24e0 Exception <a 'java/lang/NoSuchMethodError'{0x0000000712a97e08}: 'int java.lang.invoke.DirectMethodHandle$Holder.invokeSpecial(java.lang.Object, java.lang.Object, int)'> (0x0000000712a97e08) 
thrown [s\src\hotspot\share\interpreter\linkResolver.cpp, line 759]
Event: 6.523 Thread 0x000002cd627f24e0 Exception <a 'java/lang/NoSuchMethodError'{0x000000071281ff20}: 'void java.lang.invoke.DirectMethodHandle$Holder.invokeSpecial(java.lang.Object, java.lang.Object, int, int)'> (0x000000071281ff20) 
thrown [s\src\hotspot\share\interpreter\linkResolver.cpp, line 759]
Event: 6.526 Thread 0x000002cd627f24e0 Exception <a 'java/lang/NoSuchMethodError'{0x0000000712826980}: 'java.lang.Object java.lang.invoke.DirectMethodHandle$Holder.newInvokeSpecial(java.lang.Object, java.lang.Object, int, int)'> (0x0000000712826980) 
thrown [s\src\hotspot\share\interpreter\linkResolver.cpp, line 759]

VM Operations (20 events):
Event: 5.404 Executing VM operation: Cleanup
Event: 5.404 Executing VM operation: Cleanup done
Event: 6.404 Executing VM operation: Cleanup
Event: 6.404 Executing VM operation: Cleanup done
Event: 6.465 Executing VM operation: HandshakeAllThreads
Event: 6.465 Executing VM operation: HandshakeAllThreads done
Event: 7.466 Executing VM operation: Cleanup
Event: 7.466 Executing VM operation: Cleanup done
Event: 8.466 Executing VM operation: Cleanup
Event: 8.467 Executing VM operation: Cleanup done
Event: 9.467 Executing VM operation: Cleanup
Event: 9.467 Executing VM operation: Cleanup done
Event: 10.468 Executing VM operation: Cleanup
Event: 10.468 Executing VM operation: Cleanup done
Event: 11.468 Executing VM operation: Cleanup
Event: 11.468 Executing VM operation: Cleanup done
Event: 12.469 Executing VM operation: Cleanup
Event: 12.469 Executing VM operation: Cleanup done
Event: 13.469 Executing VM operation: Cleanup
Event: 13.469 Executing VM operation: Cleanup done

Events (20 events):
Event: 3.184 loading class java/lang/FdLibm$Hypot done
Event: 3.184 loading class java/lang/FdLibm
Event: 3.185 loading class java/lang/FdLibm done
Event: 3.334 Thread 0x000002cd6339e890 Thread exited: 0x000002cd6339e890
Event: 4.342 Thread 0x000002cd6aa17f20 Thread added: 0x000002cd6aa17f20
Event: 4.554 Thread 0x000002cd6aa17f20 Thread exited: 0x000002cd6aa17f20
Event: 6.464 loading class java/util/BitSet$1BitSetSpliterator
Event: 6.465 loading class java/util/BitSet$1BitSetSpliterator done
Event: 6.465 loading class java/util/stream/IntPipeline$1
Event: 6.465 loading class java/util/stream/IntPipeline$1 done
Event: 6.465 loading class java/util/stream/IntPipeline$1$1
Event: 6.466 loading class java/util/stream/IntPipeline$1$1 done
Event: 6.494 Thread 0x000002cd6a53fd20 Thread added: 0x000002cd6a53fd20
Event: 6.984 Thread 0x000002cd6a53fd20 Thread exited: 0x000002cd6a53fd20
Event: 8.301 Thread 0x000002cd6a53fd20 Thread added: 0x000002cd6a53fd20
Event: 8.321 Thread 0x000002cd63031700 Thread added: 0x000002cd63031700
Event: 8.610 Thread 0x000002cd63031700 Thread exited: 0x000002cd63031700
Event: 8.625 Thread 0x000002cd6a53fd20 Thread exited: 0x000002cd6a53fd20
Event: 12.660 Thread 0x000002cd623f0e00 Thread added: 0x000002cd623f0e00
Event: 12.877 Thread 0x000002cd623f0e00 Thread exited: 0x000002cd623f0e00


Dynamic libraries:
0x00007ff78a8e0000 - 0x00007ff78a8ee000 	C:\Users\ibrah\.jdks\corretto-17.0.10\bin\java.exe
0x00007ffbc0a50000 - 0x00007ffbc0c66000 	C:\WINDOWS\SYSTEM32\ntdll.dll
0x00007ffbbfa60000 - 0x00007ffbbfb24000 	C:\WINDOWS\System32\KERNEL32.DLL
0x00007ffbbe1b0000 - 0x00007ffbbe556000 	C:\WINDOWS\System32\KERNELBASE.dll
0x00007ffbbdfa0000 - 0x00007ffbbe0b1000 	C:\WINDOWS\System32\ucrtbase.dll
0x00007ffbb7660000 - 0x00007ffbb767b000 	C:\Users\ibrah\.jdks\corretto-17.0.10\bin\VCRUNTIME140.dll
0x00007ffbb7890000 - 0x00007ffbb78a7000 	C:\Users\ibrah\.jdks\corretto-17.0.10\bin\jli.dll
0x00007ffbc0690000 - 0x00007ffbc083d000 	C:\WINDOWS\System32\USER32.dll
0x00007ffbbe770000 - 0x00007ffbbe796000 	C:\WINDOWS\System32\win32u.dll
0x00007ffb9af60000 - 0x00007ffb9b1f3000 	C:\WINDOWS\WinSxS\amd64_microsoft.windows.common-controls_6595b64144ccf1df_6.0.22621.3235_none_270f74e173860f98\COMCTL32.dll
0x00007ffbbe7b0000 - 0x00007ffbbe7d9000 	C:\WINDOWS\System32\GDI32.dll
0x00007ffbc0480000 - 0x00007ffbc0527000 	C:\WINDOWS\System32\msvcrt.dll
0x00007ffbbe560000 - 0x00007ffbbe678000 	C:\WINDOWS\System32\gdi32full.dll
0x00007ffbbdd90000 - 0x00007ffbbde2a000 	C:\WINDOWS\System32\msvcp_win.dll
0x00007ffbc0280000 - 0x00007ffbc02b1000 	C:\WINDOWS\System32\IMM32.DLL
0x00007ffbb79b0000 - 0x00007ffbb79bc000 	C:\Users\ibrah\.jdks\corretto-17.0.10\bin\vcruntime140_1.dll
0x00007ffb91450000 - 0x00007ffb914dd000 	C:\Users\ibrah\.jdks\corretto-17.0.10\bin\msvcp140.dll
0x00007ffb6d050000 - 0x00007ffb6dcb2000 	C:\Users\ibrah\.jdks\corretto-17.0.10\bin\server\jvm.dll
0x00007ffbbf9a0000 - 0x00007ffbbfa52000 	C:\WINDOWS\System32\ADVAPI32.dll
0x00007ffbbf6e0000 - 0x00007ffbbf788000 	C:\WINDOWS\System32\sechost.dll
0x00007ffbbe0c0000 - 0x00007ffbbe0e8000 	C:\WINDOWS\System32\bcrypt.dll
0x00007ffbbffd0000 - 0x00007ffbc00e5000 	C:\WINDOWS\System32\RPCRT4.dll
0x00007ffbbcbe0000 - 0x00007ffbbcc2d000 	C:\WINDOWS\SYSTEM32\POWRPROF.dll
0x00007ffbb75e0000 - 0x00007ffbb75e9000 	C:\WINDOWS\SYSTEM32\WSOCK32.dll
0x00007ffbbf660000 - 0x00007ffbbf6d1000 	C:\WINDOWS\System32\WS2_32.dll
0x00007ffbb6ac0000 - 0x00007ffbb6af4000 	C:\WINDOWS\SYSTEM32\WINMM.dll
0x00007ffbb62b0000 - 0x00007ffbb62ba000 	C:\WINDOWS\SYSTEM32\VERSION.dll
0x00007ffbbcbc0000 - 0x00007ffbbcbd3000 	C:\WINDOWS\SYSTEM32\UMPDC.dll
0x00007ffbbce80000 - 0x00007ffbbce98000 	C:\WINDOWS\SYSTEM32\kernel.appcore.dll
0x00007ffbb7850000 - 0x00007ffbb785a000 	C:\Users\ibrah\.jdks\corretto-17.0.10\bin\jimage.dll
0x00007ffbbb660000 - 0x00007ffbbb893000 	C:\WINDOWS\SYSTEM32\DBGHELP.DLL
0x00007ffbbe7e0000 - 0x00007ffbbeb68000 	C:\WINDOWS\System32\combase.dll
0x00007ffbc01a0000 - 0x00007ffbc0277000 	C:\WINDOWS\System32\OLEAUT32.dll
0x00007ffbb5770000 - 0x00007ffbb57a2000 	C:\WINDOWS\SYSTEM32\dbgcore.DLL
0x00007ffbbe680000 - 0x00007ffbbe6fa000 	C:\WINDOWS\System32\bcryptPrimitives.dll
0x00007ffbb4b10000 - 0x00007ffbb4b1e000 	C:\Users\ibrah\.jdks\corretto-17.0.10\bin\instrument.dll
0x00007ffbaa2a0000 - 0x00007ffbaa2c5000 	C:\Users\ibrah\.jdks\corretto-17.0.10\bin\java.dll
0x00007ffb8d9c0000 - 0x00007ffb8da97000 	C:\Users\ibrah\.jdks\corretto-17.0.10\bin\jsvml.dll
0x00007ffbbed90000 - 0x00007ffbbf5ed000 	C:\WINDOWS\System32\SHELL32.dll
0x00007ffbbbcb0000 - 0x00007ffbbc5a8000 	C:\WINDOWS\SYSTEM32\windows.storage.dll
0x00007ffbbbb70000 - 0x00007ffbbbcae000 	C:\WINDOWS\SYSTEM32\wintypes.dll
0x00007ffbbec90000 - 0x00007ffbbed83000 	C:\WINDOWS\System32\SHCORE.dll
0x00007ffbbf8e0000 - 0x00007ffbbf93e000 	C:\WINDOWS\System32\shlwapi.dll
0x00007ffbbdcc0000 - 0x00007ffbbdce6000 	C:\WINDOWS\SYSTEM32\profapi.dll
0x00007ffbb75f0000 - 0x00007ffbb7609000 	C:\Users\ibrah\.jdks\corretto-17.0.10\bin\net.dll
0x00007ffbb7fe0000 - 0x00007ffbb8117000 	C:\WINDOWS\SYSTEM32\WINHTTP.dll
0x00007ffbbd2f0000 - 0x00007ffbbd359000 	C:\WINDOWS\system32\mswsock.dll
0x00007ffbb75c0000 - 0x00007ffbb75d6000 	C:\Users\ibrah\.jdks\corretto-17.0.10\bin\nio.dll
0x00007ffbb74c0000 - 0x00007ffbb74d8000 	C:\Users\ibrah\.jdks\corretto-17.0.10\bin\zip.dll
0x00007ffbb07b0000 - 0x00007ffbb07ca000 	C:\Program Files\JetBrains\IntelliJ IDEA Community Edition 2023.3.4\bin\breakgen64.dll
0x000002cd1cea0000 - 0x000002cd1cea3000 	C:\Users\ibrah\.openjfx\cache\17.0.6\api-ms-win-core-console-l1-1-0.dll
0x000002cd1ceb0000 - 0x000002cd1ceb3000 	C:\Users\ibrah\.openjfx\cache\17.0.6\api-ms-win-core-console-l1-2-0.dll
0x000002cd1cec0000 - 0x000002cd1cec3000 	C:\Users\ibrah\.openjfx\cache\17.0.6\api-ms-win-core-datetime-l1-1-0.dll
0x000002cd1ced0000 - 0x000002cd1ced3000 	C:\Users\ibrah\.openjfx\cache\17.0.6\api-ms-win-core-debug-l1-1-0.dll
0x000002cd1cee0000 - 0x000002cd1cee3000 	C:\Users\ibrah\.openjfx\cache\17.0.6\api-ms-win-core-errorhandling-l1-1-0.dll
0x000002cd1cef0000 - 0x000002cd1cef4000 	C:\Users\ibrah\.openjfx\cache\17.0.6\api-ms-win-core-file-l1-1-0.dll
0x000002cd1cf00000 - 0x000002cd1cf03000 	C:\Users\ibrah\.openjfx\cache\17.0.6\api-ms-win-core-file-l1-2-0.dll
0x000002cd1cf10000 - 0x000002cd1cf13000 	C:\Users\ibrah\.openjfx\cache\17.0.6\api-ms-win-core-file-l2-1-0.dll
0x000002cd1cf20000 - 0x000002cd1cf23000 	C:\Users\ibrah\.openjfx\cache\17.0.6\api-ms-win-core-handle-l1-1-0.dll
0x000002cd1cf30000 - 0x000002cd1cf33000 	C:\Users\ibrah\.openjfx\cache\17.0.6\api-ms-win-core-heap-l1-1-0.dll
0x000002cd1cf40000 - 0x000002cd1cf43000 	C:\Users\ibrah\.openjfx\cache\17.0.6\api-ms-win-core-interlocked-l1-1-0.dll
0x000002cd1cf50000 - 0x000002cd1cf53000 	C:\Users\ibrah\.openjfx\cache\17.0.6\api-ms-win-core-libraryloader-l1-1-0.dll
0x000002cd1cf60000 - 0x000002cd1cf63000 	C:\Users\ibrah\.openjfx\cache\17.0.6\api-ms-win-core-localization-l1-2-0.dll
0x000002cd1cf70000 - 0x000002cd1cf73000 	C:\Users\ibrah\.openjfx\cache\17.0.6\api-ms-win-core-memory-l1-1-0.dll
0x000002cd1cf80000 - 0x000002cd1cf83000 	C:\Users\ibrah\.openjfx\cache\17.0.6\api-ms-win-core-namedpipe-l1-1-0.dll
0x000002cd1cf90000 - 0x000002cd1cf93000 	C:\Users\ibrah\.openjfx\cache\17.0.6\api-ms-win-core-processenvironment-l1-1-0.dll
0x000002cd1cfa0000 - 0x000002cd1cfa3000 	C:\Users\ibrah\.openjfx\cache\17.0.6\api-ms-win-core-processthreads-l1-1-0.dll
0x000002cd1cfb0000 - 0x000002cd1cfb3000 	C:\Users\ibrah\.openjfx\cache\17.0.6\api-ms-win-core-processthreads-l1-1-1.dll
0x000002cd1cfc0000 - 0x000002cd1cfc3000 	C:\Users\ibrah\.openjfx\cache\17.0.6\api-ms-win-core-profile-l1-1-0.dll
0x000002cd1cfd0000 - 0x000002cd1cfd3000 	C:\Users\ibrah\.openjfx\cache\17.0.6\api-ms-win-core-rtlsupport-l1-1-0.dll
0x000002cd1cfe0000 - 0x000002cd1cfe3000 	C:\Users\ibrah\.openjfx\cache\17.0.6\api-ms-win-core-string-l1-1-0.dll
0x000002cd1cff0000 - 0x000002cd1cff3000 	C:\Users\ibrah\.openjfx\cache\17.0.6\api-ms-win-core-synch-l1-1-0.dll
0x000002cd637d0000 - 0x000002cd637d3000 	C:\Users\ibrah\.openjfx\cache\17.0.6\api-ms-win-core-synch-l1-2-0.dll
0x000002cd637e0000 - 0x000002cd637e3000 	C:\Users\ibrah\.openjfx\cache\17.0.6\api-ms-win-core-sysinfo-l1-1-0.dll
0x000002cd637f0000 - 0x000002cd637f3000 	C:\Users\ibrah\.openjfx\cache\17.0.6\api-ms-win-core-timezone-l1-1-0.dll
0x000002cd63800000 - 0x000002cd63803000 	C:\Users\ibrah\.openjfx\cache\17.0.6\api-ms-win-core-util-l1-1-0.dll
0x000002cd63810000 - 0x000002cd63813000 	C:\Users\ibrah\.openjfx\cache\17.0.6\api-ms-win-crt-conio-l1-1-0.dll
0x000002cd63820000 - 0x000002cd63824000 	C:\Users\ibrah\.openjfx\cache\17.0.6\api-ms-win-crt-convert-l1-1-0.dll
0x000002cd63830000 - 0x000002cd63833000 	C:\Users\ibrah\.openjfx\cache\17.0.6\api-ms-win-crt-environment-l1-1-0.dll
0x000002cd63840000 - 0x000002cd63843000 	C:\Users\ibrah\.openjfx\cache\17.0.6\api-ms-win-crt-filesystem-l1-1-0.dll
0x000002cd63850000 - 0x000002cd63853000 	C:\Users\ibrah\.openjfx\cache\17.0.6\api-ms-win-crt-heap-l1-1-0.dll
0x000002cd63860000 - 0x000002cd63863000 	C:\Users\ibrah\.openjfx\cache\17.0.6\api-ms-win-crt-locale-l1-1-0.dll
0x000002cd63870000 - 0x000002cd63875000 	C:\Users\ibrah\.openjfx\cache\17.0.6\api-ms-win-crt-math-l1-1-0.dll
0x000002cd63880000 - 0x000002cd63885000 	C:\Users\ibrah\.openjfx\cache\17.0.6\api-ms-win-crt-multibyte-l1-1-0.dll
0x000002cd63890000 - 0x000002cd638a0000 	C:\Users\ibrah\.openjfx\cache\17.0.6\api-ms-win-crt-private-l1-1-0.dll
0x000002cd638a0000 - 0x000002cd638a3000 	C:\Users\ibrah\.openjfx\cache\17.0.6\api-ms-win-crt-process-l1-1-0.dll
0x000002cd638b0000 - 0x000002cd638b4000 	C:\Users\ibrah\.openjfx\cache\17.0.6\api-ms-win-crt-runtime-l1-1-0.dll
0x000002cd638c0000 - 0x000002cd638c4000 	C:\Users\ibrah\.openjfx\cache\17.0.6\api-ms-win-crt-stdio-l1-1-0.dll
0x000002cd638d0000 - 0x000002cd638d4000 	C:\Users\ibrah\.openjfx\cache\17.0.6\api-ms-win-crt-string-l1-1-0.dll
0x000002cd638e0000 - 0x000002cd638e3000 	C:\Users\ibrah\.openjfx\cache\17.0.6\api-ms-win-crt-time-l1-1-0.dll
0x000002cd638f0000 - 0x000002cd638f3000 	C:\Users\ibrah\.openjfx\cache\17.0.6\api-ms-win-crt-utility-l1-1-0.dll
0x00007ffb79230000 - 0x00007ffb7932c000 	C:\Users\ibrah\.openjfx\cache\17.0.6\ucrtbase.dll
0x00007ffba3040000 - 0x00007ffba305a000 	C:\Users\ibrah\.openjfx\cache\17.0.6\vcruntime140.dll
0x00007ffba3080000 - 0x00007ffba308c000 	C:\Users\ibrah\.openjfx\cache\17.0.6\vcruntime140_1.dll
0x00007ffb91290000 - 0x00007ffb9131d000 	C:\Users\ibrah\.openjfx\cache\17.0.6\msvcp140.dll
0x00007ffba3030000 - 0x00007ffba3039000 	C:\Users\ibrah\.openjfx\cache\17.0.6\msvcp140_1.dll
0x00007ffb9ac00000 - 0x00007ffb9ac2f000 	C:\Users\ibrah\.openjfx\cache\17.0.6\msvcp140_2.dll
0x00007ffb9abd0000 - 0x00007ffb9abfa000 	C:\Users\ibrah\.openjfx\cache\17.0.6\prism_d3d.dll
0x00007ffb7a870000 - 0x00007ffb7aa19000 	C:\WINDOWS\system32\d3d9.dll
0x00007ffbbb060000 - 0x00007ffbbb08b000 	C:\WINDOWS\SYSTEM32\dwmapi.dll
0x00007ffbbb0d0000 - 0x00007ffbbb109000 	C:\WINDOWS\SYSTEM32\dxcore.dll
0x00007ffbbae20000 - 0x00007ffbbaecb000 	C:\WINDOWS\system32\uxtheme.dll
0x00007ffb77e40000 - 0x00007ffb7807f000 	C:\WINDOWS\System32\DriverStore\FileRepository\iigd_dch.inf_amd64_4a9d9eeb2942de89\igdumdim64.dll
0x00007ffbc02c0000 - 0x00007ffbc045f000 	C:\WINDOWS\System32\ole32.dll
0x00007ffb41540000 - 0x00007ffb428a4000 	C:\WINDOWS\System32\DriverStore\FileRepository\iigd_dch.inf_amd64_4a9d9eeb2942de89\igd9dxva64.dll
0x00007ffbbfb50000 - 0x00007ffbbffc4000 	C:\WINDOWS\System32\SETUPAPI.dll
0x00007ffbbdaa0000 - 0x00007ffbbdaee000 	C:\WINDOWS\SYSTEM32\cfgmgr32.dll
0x00007ffb70660000 - 0x00007ffb72385000 	C:\WINDOWS\System32\DriverStore\FileRepository\iigd_dch.inf_amd64_4a9d9eeb2942de89\media_bin_64.dll
0x00007ffb9f8c0000 - 0x00007ffb9fcfb000 	C:\WINDOWS\System32\DriverStore\FileRepository\iigd_dch.inf_amd64_4a9d9eeb2942de89\igdgmm64.dll
0x00007ffbb1ee0000 - 0x00007ffbb1f2a000 	C:\WINDOWS\SYSTEM32\directxdatabasehelper.dll
0x00007ffb9a6b0000 - 0x00007ffb9a6f2000 	C:\Users\ibrah\.openjfx\cache\17.0.6\glass.dll
0x00007ffbbf790000 - 0x00007ffbbf889000 	C:\WINDOWS\System32\COMDLG32.dll
0x00007ffbc0530000 - 0x00007ffbc0684000 	C:\WINDOWS\System32\MSCTF.dll
0x00007ffb91020000 - 0x00007ffb91047000 	C:\WINDOWS\System32\DriverStore\FileRepository\iigd_dch.inf_amd64_4a9d9eeb2942de89\igdinfo64.dll
0x00007ffb9b9f0000 - 0x00007ffb9f8bb000 	C:\WINDOWS\System32\DriverStore\FileRepository\iigd_dch.inf_amd64_4a9d9eeb2942de89\igc64.dll
0x00007ffb9aad0000 - 0x00007ffb9aae4000 	C:\Users\ibrah\.openjfx\cache\17.0.6\javafx_font.dll
0x00007ffbb9310000 - 0x00007ffbb9584000 	C:\WINDOWS\SYSTEM32\dwrite.dll
0x00007ffbc00f0000 - 0x00007ffbc01a0000 	C:\WINDOWS\System32\clbcatq.dll
0x00007ffbb9590000 - 0x00007ffbb9740000 	C:\WINDOWS\SYSTEM32\WindowsCodecs.dll
0x00007ffb98f40000 - 0x00007ffb98f9e000 	C:\WINDOWS\system32\dataexchange.dll
0x00007ffba1ad0000 - 0x00007ffba1d5f000 	C:\WINDOWS\system32\twinapi.appcore.dll
0x00007ffb9a390000 - 0x00007ffb9a3c2000 	C:\Program Files\Common Files\Microsoft Shared\Ink\rtscom.dll
0x00007ffb94290000 - 0x00007ffb943da000 	C:\WINDOWS\SYSTEM32\textinputframework.dll
0x00007ffbba9f0000 - 0x00007ffbbab24000 	C:\WINDOWS\SYSTEM32\CoreMessaging.dll
0x00007ffba2990000 - 0x00007ffba2cfc000 	C:\WINDOWS\SYSTEM32\CoreUIComponents.dll
0x00007ffbbd620000 - 0x00007ffbbd62c000 	C:\WINDOWS\SYSTEM32\CRYPTBASE.DLL
0x00007ffbb9b30000 - 0x00007ffbba11e000 	C:\WINDOWS\SYSTEM32\d2d1.dll
0x00007ffbba120000 - 0x00007ffbba377000 	C:\WINDOWS\SYSTEM32\d3d11.dll

dbghelp: loaded successfully - version: 4.0.5 - missing functions: none
symbol engine: initialized successfully - sym options: 0x614 - pdb path: .;C:\Users\ibrah\.jdks\corretto-17.0.10\bin;C:\WINDOWS\SYSTEM32;C:\WINDOWS\WinSxS\amd64_microsoft.windows.common-controls_6595b64144ccf1df_6.0.22621.3235_none_270f74e173860f98;C:\Users\ibrah\.jdks\corretto-17.0.10\bin\server;C:\Program Files\JetBrains\IntelliJ IDEA Community Edition 2023.3.4\bin;C:\Users\ibrah\.openjfx\cache\17.0.6;C:\WINDOWS\System32\DriverStore\FileRepository\iigd_dch.inf_amd64_4a9d9eeb2942de89;C:\Program Files\Common Files\Microsoft Shared\Ink

VM Arguments:
jvm_args: -javaagent:C:\Program Files\JetBrains\IntelliJ IDEA Community Edition 2023.3.4\lib\idea_rt.jar=53324:C:\Program Files\JetBrains\IntelliJ IDEA Community Edition 2023.3.4\bin -Dfile.encoding=UTF-8 --module-path=C:\Users\ibrah\.m2\repository\org\openjfx\javafx-fxml\17.0.6\javafx-fxml-17.0.6-win.jar;C:\Users\ibrah\.m2\repository\org\openjfx\javafx-controls\17.0.6\javafx-controls-17.0.6-win.jar;C:\Users\ibrah\.m2\repository\org\openjfx\javafx-base\17.0.6\javafx-base-17.0.6-win.jar;C:\Users\ibrah\IdeaProjects\Phase1\target\classes;C:\Users\ibrah\.m2\repository\org\openjfx\javafx-graphics\17.0.6\javafx-graphics-17.0.6-win.jar -Djdk.module.main=com.example.phase1 
java_command: com.example.phase1/all.MainScreen
java_class_path (initial): C:\Users\ibrah\.m2\repository\org\openjfx\javafx-controls\17.0.6\javafx-controls-17.0.6.jar;C:\Users\ibrah\.m2\repository\org\openjfx\javafx-graphics\17.0.6\javafx-graphics-17.0.6.jar;C:\Users\ibrah\.m2\repository\org\openjfx\javafx-base\17.0.6\javafx-base-17.0.6.jar;C:\Users\ibrah\.m2\repository\org\openjfx\javafx-fxml\17.0.6\javafx-fxml-17.0.6.jar
Launcher Type: SUN_STANDARD

[Global flags]
     intx CICompilerCount                          = 4                                         {product} {ergonomic}
     uint ConcGCThreads                            = 2                                         {product} {ergonomic}
     uint G1ConcRefinementThreads                  = 8                                         {product} {ergonomic}
   size_t G1HeapRegionSize                         = 2097152                                   {product} {ergonomic}
    uintx GCDrainStackTargetSize                   = 64                                        {product} {ergonomic}
   size_t InitialHeapSize                          = 264241152                                 {product} {ergonomic}
   size_t MarkStackSize                            = 4194304                                   {product} {ergonomic}
   size_t MaxHeapSize                              = 4223664128                                {product} {ergonomic}
   size_t MaxNewSize                               = 2533359616                                {product} {ergonomic}
   size_t MinHeapDeltaBytes                        = 2097152                                   {product} {ergonomic}
   size_t MinHeapSize                              = 8388608                                   {product} {ergonomic}
    uintx NonNMethodCodeHeapSize                   = 5839372                                {pd product} {ergonomic}
    uintx NonProfiledCodeHeapSize                  = 122909434                              {pd product} {ergonomic}
    uintx ProfiledCodeHeapSize                     = 122909434                              {pd product} {ergonomic}
    uintx ReservedCodeCacheSize                    = 251658240                              {pd product} {ergonomic}
     bool SegmentedCodeCache                       = true                                      {product} {ergonomic}
   size_t SoftMaxHeapSize                          = 4223664128                             {manageable} {ergonomic}
     bool UseCompressedClassPointers               = true                           {product lp64_product} {ergonomic}
     bool UseCompressedOops                        = true                           {product lp64_product} {ergonomic}
     bool UseG1GC                                  = true                                      {product} {ergonomic}
     bool UseLargePagesIndividualAllocation        = false                                  {pd product} {ergonomic}

Logging:
Log output configuration:
 #0: stdout all=warning uptime,level,tags
 #1: stderr all=off uptime,level,tags

Environment Variables:
PATH=C:\WINDOWS\system32;C:\WINDOWS;C:\WINDOWS\System32\Wbem;C:\WINDOWS\System32\WindowsPowerShell\v1.0\;C:\WINDOWS\System32\OpenSSH\;C:\Users\ibrah\AppData\Local\Microsoft\WindowsApps;
USERNAME=ibrah
OS=Windows_NT
PROCESSOR_IDENTIFIER=Intel64 Family 6 Model 140 Stepping 1, GenuineIntel
TMP=C:\Users\ibrah\AppData\Local\Temp
TEMP=C:\Users\ibrah\AppData\Local\Temp



Periodic native trim disabled


---------------  S Y S T E M  ---------------

OS:
 Windows 11 , 64 bit Build 22621 (10.0.22621.3235)
OS uptime: 19 days 13:25 hours
Hyper-V role detected

CPU: total 8 (initial active 8) (4 cores per cpu, 2 threads per core) family 6 model 140 stepping 1 microcode 0xb4, cx8, cmov, fxsr, ht, mmx, 3dnowpref, sse, sse2, sse3, ssse3, sse4.1, sse4.2, popcnt, lzcnt, tsc, tscinvbit, avx, avx2, aes, erms, clmul, bmi1, bmi2, adx, avx512f, avx512dq, avx512cd, avx512bw, avx512vl, sha, fma, vzeroupper, avx512_vpopcntdq, avx512_vpclmulqdq, avx512_vaes, avx512_vnni, clflush, clflushopt, clwb, avx512_vbmi2, avx512_vbmi, hv
Processor Information for all 8 processors :
  Max Mhz: 2803, Current Mhz: 2803, Mhz Limit: 2803

Memory: 4k page, system-wide physical 16110M (5731M free)
TotalPageFile size 36638M (AvailPageFile size 4M)
current process WorkingSet (physical memory assigned to process): 252M, peak: 252M
current process commit charge ("private bytes"): 499M, peak: 500M

vm_info: OpenJDK 64-Bit Server VM (17.0.10+7-LTS) for windows-amd64 JRE (17.0.10+7-LTS), built on Jan 10 2024 22:11:07 by "Administrator" with MS VC++ 16.10 / 16.11 (VS2019)

END.
