#
# There is insufficient memory for the Java Runtime Environment to continue.
# Native memory allocation (mmap) failed to map 264241152 bytes for G1 virtual space
# Possible reasons:
#   The system is out of physical RAM or swap space
#   The process is running with CompressedOops enabled, and the Java Heap may be blocking the growth of the native heap
# Possible solutions:
#   Reduce memory load on the system
#   Increase physical memory or swap space
#   Check if swap backing store is full
#   Decrease Java heap size (-Xmx/-Xms)
#   Decrease number of Java threads
#   Decrease Java thread stack sizes (-Xss)
#   Set larger code cache with -XX:ReservedCodeCacheSize=
#   JVM is running with Zero Based Compressed Oops mode in which the Java heap is
#     placed in the first 32GB address space. The Java Heap base address is the
#     maximum limit for the native heap growth. Please use -XX:HeapBaseMinAddress
#     to set the Java Heap base and to place the Java Heap above 32GB virtual address.
# This output file may be truncated or incomplete.
#
#  Out of Memory Error (os_windows.cpp:3613), pid=2132, tid=14072
#
# JRE version:  (17.0.10+7) (build )
# Java VM: OpenJDK 64-Bit Server VM (17.0.10+7-LTS, mixed mode, sharing, tiered, compressed oops, compressed class ptrs, g1 gc, windows-amd64)
# No core dump will be written. Minidumps are not enabled by default on client versions of Windows
#

---------------  S U M M A R Y ------------

Command Line: -javaagent:C:\Program Files\JetBrains\IntelliJ IDEA Community Edition 2023.3.4\lib\idea_rt.jar=52446:C:\Program Files\JetBrains\IntelliJ IDEA Community Edition 2023.3.4\bin -Dfile.encoding=UTF-8 --module-path=C:\Users\ibrah\.m2\repository\org\openjfx\javafx-fxml\17.0.6\javafx-fxml-17.0.6-win.jar;C:\Users\ibrah\IdeaProjects\Project0\target\classes;C:\Users\ibrah\.m2\repository\org\openjfx\javafx-graphics\17.0.6\javafx-graphics-17.0.6-win.jar;C:\Users\ibrah\.m2\repository\org\openjfx\javafx-base\17.0.6\javafx-base-17.0.6-win.jar;C:\Users\ibrah\.m2\repository\org\openjfx\javafx-controls\17.0.6\javafx-controls-17.0.6-win.jar -Djdk.module.main=com.example.project0 com.example.project0/com.example.project0.GUI

Host: 11th Gen Intel(R) Core(TM) i7-1165G7 @ 2.80GHz, 8 cores, 15G,  Windows 11 , 64 bit Build 22621 (10.0.22621.3235)
Time: Sat Mar 23 15:38:40 2024 West Bank Gaza Standard Time elapsed time: 0.020560 seconds (0d 0h 0m 0s)

---------------  T H R E A D  ---------------

Current thread (0x000001ad42698440):  JavaThread "Unknown thread" [_thread_in_vm, id=14072, stack(0x0000000fc1d00000,0x0000000fc1e00000)]

Stack: [0x0000000fc1d00000,0x0000000fc1e00000]
Native frames: (J=compiled Java code, j=interpreted, Vv=VM code, C=native code)
V  [jvm.dll+0x67d2c9]
V  [jvm.dll+0x834b1a]
V  [jvm.dll+0x8365de]
V  [jvm.dll+0x836c43]
V  [jvm.dll+0x2477ff]
V  [jvm.dll+0x67a109]
V  [jvm.dll+0x66eb7a]
V  [jvm.dll+0x30764b]
V  [jvm.dll+0x30eaf6]
V  [jvm.dll+0x35e83e]
V  [jvm.dll+0x35ea6f]
V  [jvm.dll+0x2de248]
V  [jvm.dll+0x2df1b4]
V  [jvm.dll+0x806381]
V  [jvm.dll+0x36c6f1]
V  [jvm.dll+0x7e4e26]
V  [jvm.dll+0x3eff3f]
V  [jvm.dll+0x3f1b71]
C  [jli.dll+0x528f]
C  [ucrtbase.dll+0x29363]
C  [KERNEL32.DLL+0x1257d]
C  [ntdll.dll+0x5aa58]


---------------  P R O C E S S  ---------------

Threads class SMR info:
_java_thread_list=0x00007ffb4e76ee98, length=0, elements={
}

Java Threads: ( => current thread )

Other Threads:
  0x000001ad42704950 GCTaskThread "GC Thread#0" [stack: 0x0000000fc1e00000,0x0000000fc1f00000] [id=5152]
  0x000001ad42715460 ConcurrentGCThread "G1 Main Marker" [stack: 0x0000000fc1f00000,0x0000000fc2000000] [id=15808]
  0x000001ad42716e90 ConcurrentGCThread "G1 Conc#0" [stack: 0x0000000fc2000000,0x0000000fc2100000] [id=18856]

[error occurred during error reporting (printing all threads), id 0xc0000005, EXCEPTION_ACCESS_VIOLATION (0xc0000005) at pc=0x00007ffb4df2ec87]

VM state: not at safepoint (not fully initialized)

VM Mutex/Monitor currently owned by a thread:  ([mutex/lock_event])
[0x000001ad42692390] Heap_lock - owner thread: 0x000001ad42698440

Heap address: 0x0000000704400000, size: 4028 MB, Compressed Oops mode: Zero based, Oop shift amount: 3

CDS archive(s) mapped at: [0x0000000000000000-0x0000000000000000-0x0000000000000000), size 0, SharedBaseAddress: 0x0000000800000000, ArchiveRelocationMode: 1.
Narrow klass base: 0x0000000000000000, Narrow klass shift: 0, Narrow klass range: 0x0

GC Precious Log:
<Empty>

Heap:
 garbage-first heap   total 0K, used 0K [0x0000000704400000, 0x0000000800000000)
  region size 2048K, 0 young (0K), 0 survivors (0K)

[error occurred during error reporting (printing heap information), id 0xc0000005, EXCEPTION_ACCESS_VIOLATION (0xc0000005) at pc=0x00007ffb4e316fb9]

GC Heap History (0 events):
No events

Dll operation events (1 events):
Event: 0.014 Loaded shared library C:\Users\ibrah\.jdks\corretto-17.0.10\bin\java.dll

Deoptimization events (0 events):
No events

Classes unloaded (0 events):
No events

Classes redefined (0 events):
No events

Internal exceptions (0 events):
No events

VM Operations (0 events):
No events

Events (0 events):
No events


Dynamic libraries:
0x00007ff760f40000 - 0x00007ff760f4e000 	C:\Users\ibrah\.jdks\corretto-17.0.10\bin\java.exe
0x00007ffbc0a50000 - 0x00007ffbc0c66000 	C:\WINDOWS\SYSTEM32\ntdll.dll
0x00007ffbbfa60000 - 0x00007ffbbfb24000 	C:\WINDOWS\System32\KERNEL32.DLL
0x00007ffbbe1b0000 - 0x00007ffbbe556000 	C:\WINDOWS\System32\KERNELBASE.dll
0x00007ffbbdfa0000 - 0x00007ffbbe0b1000 	C:\WINDOWS\System32\ucrtbase.dll
0x00007ffbb44d0000 - 0x00007ffbb44eb000 	C:\Users\ibrah\.jdks\corretto-17.0.10\bin\VCRUNTIME140.dll
0x00007ffbb6740000 - 0x00007ffbb6757000 	C:\Users\ibrah\.jdks\corretto-17.0.10\bin\jli.dll
0x00007ffbc0690000 - 0x00007ffbc083d000 	C:\WINDOWS\System32\USER32.dll
0x00007ffb9af60000 - 0x00007ffb9b1f3000 	C:\WINDOWS\WinSxS\amd64_microsoft.windows.common-controls_6595b64144ccf1df_6.0.22621.3235_none_270f74e173860f98\COMCTL32.dll
0x00007ffbc0480000 - 0x00007ffbc0527000 	C:\WINDOWS\System32\msvcrt.dll
0x00007ffbbe7b0000 - 0x00007ffbbe7d9000 	C:\WINDOWS\System32\GDI32.dll
0x00007ffbbe770000 - 0x00007ffbbe796000 	C:\WINDOWS\System32\win32u.dll
0x00007ffbbe560000 - 0x00007ffbbe678000 	C:\WINDOWS\System32\gdi32full.dll
0x00007ffbbdd90000 - 0x00007ffbbde2a000 	C:\WINDOWS\System32\msvcp_win.dll
0x00007ffbc0280000 - 0x00007ffbc02b1000 	C:\WINDOWS\System32\IMM32.DLL
0x00007ffbb92e0000 - 0x00007ffbb92ec000 	C:\Users\ibrah\.jdks\corretto-17.0.10\bin\vcruntime140_1.dll
0x00007ffb9a580000 - 0x00007ffb9a60d000 	C:\Users\ibrah\.jdks\corretto-17.0.10\bin\msvcp140.dll
0x00007ffb4dc40000 - 0x00007ffb4e8a2000 	C:\Users\ibrah\.jdks\corretto-17.0.10\bin\server\jvm.dll
0x00007ffbbf9a0000 - 0x00007ffbbfa52000 	C:\WINDOWS\System32\ADVAPI32.dll
0x00007ffbbf6e0000 - 0x00007ffbbf788000 	C:\WINDOWS\System32\sechost.dll
0x00007ffbbe0c0000 - 0x00007ffbbe0e8000 	C:\WINDOWS\System32\bcrypt.dll
0x00007ffbbffd0000 - 0x00007ffbc00e5000 	C:\WINDOWS\System32\RPCRT4.dll
0x00007ffbbcbe0000 - 0x00007ffbbcc2d000 	C:\WINDOWS\SYSTEM32\POWRPROF.dll
0x00007ffbb62b0000 - 0x00007ffbb62ba000 	C:\WINDOWS\SYSTEM32\VERSION.dll
0x00007ffbb6ac0000 - 0x00007ffbb6af4000 	C:\WINDOWS\SYSTEM32\WINMM.dll
0x00007ffbb92d0000 - 0x00007ffbb92d9000 	C:\WINDOWS\SYSTEM32\WSOCK32.dll
0x00007ffbbf660000 - 0x00007ffbbf6d1000 	C:\WINDOWS\System32\WS2_32.dll
0x00007ffbbcbc0000 - 0x00007ffbbcbd3000 	C:\WINDOWS\SYSTEM32\UMPDC.dll
0x00007ffbbce80000 - 0x00007ffbbce98000 	C:\WINDOWS\SYSTEM32\kernel.appcore.dll
0x00007ffbb79b0000 - 0x00007ffbb79ba000 	C:\Users\ibrah\.jdks\corretto-17.0.10\bin\jimage.dll
0x00007ffbbb660000 - 0x00007ffbbb893000 	C:\WINDOWS\SYSTEM32\DBGHELP.DLL
0x00007ffbbe7e0000 - 0x00007ffbbeb68000 	C:\WINDOWS\System32\combase.dll
0x00007ffbc01a0000 - 0x00007ffbc0277000 	C:\WINDOWS\System32\OLEAUT32.dll
0x00007ffbb5770000 - 0x00007ffbb57a2000 	C:\WINDOWS\SYSTEM32\dbgcore.DLL
0x00007ffbbe680000 - 0x00007ffbbe6fa000 	C:\WINDOWS\System32\bcryptPrimitives.dll
0x00007ffbb6e10000 - 0x00007ffbb6e1e000 	C:\Users\ibrah\.jdks\corretto-17.0.10\bin\instrument.dll
0x00007ffba9f60000 - 0x00007ffba9f85000 	C:\Users\ibrah\.jdks\corretto-17.0.10\bin\java.dll

dbghelp: loaded successfully - version: 4.0.5 - missing functions: none
symbol engine: initialized successfully - sym options: 0x614 - pdb path: .;C:\Users\ibrah\.jdks\corretto-17.0.10\bin;C:\WINDOWS\SYSTEM32;C:\WINDOWS\WinSxS\amd64_microsoft.windows.common-controls_6595b64144ccf1df_6.0.22621.3235_none_270f74e173860f98;C:\Users\ibrah\.jdks\corretto-17.0.10\bin\server

VM Arguments:
jvm_args: -javaagent:C:\Program Files\JetBrains\IntelliJ IDEA Community Edition 2023.3.4\lib\idea_rt.jar=52446:C:\Program Files\JetBrains\IntelliJ IDEA Community Edition 2023.3.4\bin -Dfile.encoding=UTF-8 --module-path=C:\Users\ibrah\.m2\repository\org\openjfx\javafx-fxml\17.0.6\javafx-fxml-17.0.6-win.jar;C:\Users\ibrah\IdeaProjects\Project0\target\classes;C:\Users\ibrah\.m2\repository\org\openjfx\javafx-graphics\17.0.6\javafx-graphics-17.0.6-win.jar;C:\Users\ibrah\.m2\repository\org\openjfx\javafx-base\17.0.6\javafx-base-17.0.6-win.jar;C:\Users\ibrah\.m2\repository\org\openjfx\javafx-controls\17.0.6\javafx-controls-17.0.6-win.jar -Djdk.module.main=com.example.project0 
java_command: com.example.project0/com.example.project0.GUI
java_class_path (initial): C:\Users\ibrah\.m2\repository\org\openjfx\javafx-controls\17.0.6\javafx-controls-17.0.6.jar;C:\Users\ibrah\.m2\repository\org\openjfx\javafx-graphics\17.0.6\javafx-graphics-17.0.6.jar;C:\Users\ibrah\.m2\repository\org\openjfx\javafx-base\17.0.6\javafx-base-17.0.6.jar;C:\Users\ibrah\.m2\repository\org\openjfx\javafx-fxml\17.0.6\javafx-fxml-17.0.6.jar
Launcher Type: SUN_STANDARD

[Global flags]
     intx CICompilerCount                          = 4                                         {product} {ergonomic}
     uint ConcGCThreads                            = 2                                         {product} {ergonomic}
     uint G1ConcRefinementThreads                  = 8                                         {product} {ergonomic}
   size_t G1HeapRegionSize                         = 2097152                                   {product} {ergonomic}
    uintx GCDrainStackTargetSize                   = 64                                        {product} {ergonomic}
   size_t InitialHeapSize                          = 264241152                                 {product} {ergonomic}
   size_t MarkStackSize                            = 4194304                                   {product} {ergonomic}
   size_t MaxHeapSize                              = 4223664128                                {product} {ergonomic}
   size_t MinHeapDeltaBytes                        = 2097152                                   {product} {ergonomic}
   size_t MinHeapSize                              = 8388608                                   {product} {ergonomic}
    uintx NonNMethodCodeHeapSize                   = 5839372                                {pd product} {ergonomic}
    uintx NonProfiledCodeHeapSize                  = 122909434                              {pd product} {ergonomic}
    uintx ProfiledCodeHeapSize                     = 122909434                              {pd product} {ergonomic}
    uintx ReservedCodeCacheSize                    = 251658240                              {pd product} {ergonomic}
     bool SegmentedCodeCache                       = true                                      {product} {ergonomic}
   size_t SoftMaxHeapSize                          = 4223664128                             {manageable} {ergonomic}
     bool UseCompressedClassPointers               = true                           {product lp64_product} {ergonomic}
     bool UseCompressedOops                        = true                           {product lp64_product} {ergonomic}
     bool UseG1GC                                  = true                                      {product} {ergonomic}
     bool UseLargePagesIndividualAllocation        = false                                  {pd product} {ergonomic}

Logging:
Log output configuration:
 #0: stdout all=warning uptime,level,tags
 #1: stderr all=off uptime,level,tags

Environment Variables:
PATH=C:\WINDOWS\system32;C:\WINDOWS;C:\WINDOWS\System32\Wbem;C:\WINDOWS\System32\WindowsPowerShell\v1.0\;C:\WINDOWS\System32\OpenSSH\;C:\Users\ibrah\AppData\Local\Microsoft\WindowsApps;
USERNAME=ibrah
OS=Windows_NT
PROCESSOR_IDENTIFIER=Intel64 Family 6 Model 140 Stepping 1, GenuineIntel
TMP=C:\Users\ibrah\AppData\Local\Temp
TEMP=C:\Users\ibrah\AppData\Local\Temp



Periodic native trim disabled


---------------  S Y S T E M  ---------------

OS:
 Windows 11 , 64 bit Build 22621 (10.0.22621.3235)
OS uptime: 1 days 12:11 hours
Hyper-V role detected

CPU: total 8 (initial active 8) (4 cores per cpu, 2 threads per core) family 6 model 140 stepping 1 microcode 0xb4, cx8, cmov, fxsr, ht, mmx, 3dnowpref, sse, sse2, sse3, ssse3, sse4.1, sse4.2, popcnt, lzcnt, tsc, tscinvbit, avx, avx2, aes, erms, clmul, bmi1, bmi2, adx, avx512f, avx512dq, avx512cd, avx512bw, avx512vl, sha, fma, vzeroupper, avx512_vpopcntdq, avx512_vpclmulqdq, avx512_vaes, avx512_vnni, clflush, clflushopt, clwb, avx512_vbmi2, avx512_vbmi, hv
Processor Information for all 8 processors :
  Max Mhz: 2803, Current Mhz: 2803, Mhz Limit: 2803

Memory: 4k page, system-wide physical 16110M (5906M free)
TotalPageFile size 36638M (AvailPageFile size 5M)
current process WorkingSet (physical memory assigned to process): 11M, peak: 11M
current process commit charge ("private bytes"): 60M, peak: 312M

vm_info: OpenJDK 64-Bit Server VM (17.0.10+7-LTS) for windows-amd64 JRE (17.0.10+7-LTS), built on Jan 10 2024 22:11:07 by "Administrator" with MS VC++ 16.10 / 16.11 (VS2019)

END.
